
///////////////////////////////////
// Efinity Synthesis Started 
// Jan 09, 2023 13:01:43
///////////////////////////////////

[EFX-0011 VERI-WARNING] port 'probe3' remains unconnected for this instance (VERI-1927) (/home/manoj/Documents/works/efinity_1/ip/sapphire_soc_no_cache/Ti60F225_devkit/work_dbg/debug_top.v:116)
[EFX-0011 VERI-WARNING] expression size 256 truncated to fit in target size 64 (VERI-1209) (/home/manoj/Documents/works/efinity_1/ip/sapphire_soc_no_cache/Ti60F225_devkit/work_dbg/debug_top.v:3585)
[EFX-0011 VERI-WARNING] input port 'probe3[0]' remains unconnected for this instance (VDB-1053) (/home/manoj/Documents/works/efinity_1/ip/sapphire_soc_no_cache/Ti60F225_devkit/work_dbg/debug_top.v:93)
[EFX-0200 WARNING] Removing redundant signal : trigger_in. (/home/manoj/Documents/works/efinity_1/ip/sapphire_soc_no_cache/Ti60F225_devkit/work_dbg/debug_top.v:5666)
[EFX-0200 WARNING] Removing redundant signal : din[12]. (/home/manoj/Documents/works/efinity_1/ip/sapphire_soc_no_cache/Ti60F225_devkit/work_dbg/debug_top.v:4558)
[EFX-0200 WARNING] Removing redundant signal : trig_out. (/home/manoj/Documents/works/efinity_1/ip/sapphire_soc_no_cache/Ti60F225_devkit/work_dbg/debug_top.v:4837)
[EFX-0200 WARNING] Removing redundant signal : trig_out_ack. (/home/manoj/Documents/works/efinity_1/ip/sapphire_soc_no_cache/Ti60F225_devkit/work_dbg/debug_top.v:4838)
[EFX-0200 WARNING] Removing redundant signal : bscan_DRCK. (/home/manoj/Documents/works/efinity_1/ip/sapphire_soc_no_cache/Ti60F225_devkit/work_dbg/debug_top.v:1022)
[EFX-0200 WARNING] Removing redundant signal : bscan_RUNTEST. (/home/manoj/Documents/works/efinity_1/ip/sapphire_soc_no_cache/Ti60F225_devkit/work_dbg/debug_top.v:1024)
[EFX-0200 WARNING] Removing redundant signal : bscan_SEL. (/home/manoj/Documents/works/efinity_1/ip/sapphire_soc_no_cache/Ti60F225_devkit/work_dbg/debug_top.v:1025)
[EFX-0200 WARNING] Removing redundant signal : bscan_TMS. (/home/manoj/Documents/works/efinity_1/ip/sapphire_soc_no_cache/Ti60F225_devkit/work_dbg/debug_top.v:1029)
[EFX-0200 WARNING] Removing redundant signal : trig_in_ack. (/home/manoj/Documents/works/efinity_1/ip/sapphire_soc_no_cache/Ti60F225_devkit/work_dbg/debug_top.v:1040)
[EFX-0200 WARNING] Removing redundant signal : mux_capture_cmp[2]. (/home/manoj/Documents/works/efinity_1/ip/sapphire_soc_no_cache/Ti60F225_devkit/work_dbg/debug_top.v:3446)
[EFX-0200 WARNING] Removing redundant signal : mux_capture_cmp[1]. (/home/manoj/Documents/works/efinity_1/ip/sapphire_soc_no_cache/Ti60F225_devkit/work_dbg/debug_top.v:3446)
[EFX-0200 WARNING] Removing redundant signal : mux_capture_cmp[0]. (/home/manoj/Documents/works/efinity_1/ip/sapphire_soc_no_cache/Ti60F225_devkit/work_dbg/debug_top.v:3446)
[EFX-0200 WARNING] Removing redundant signal : bscan_CAPTURE. (/home/manoj/Documents/works/efinity_1/ip/sapphire_soc_no_cache/Ti60F225_devkit/work_dbg/debug_top.v:273)
[EFX-0200 WARNING] Removing redundant signal : bscan_DRCK. (/home/manoj/Documents/works/efinity_1/ip/sapphire_soc_no_cache/Ti60F225_devkit/work_dbg/debug_top.v:274)
[EFX-0200 WARNING] Removing redundant signal : bscan_RUNTEST. (/home/manoj/Documents/works/efinity_1/ip/sapphire_soc_no_cache/Ti60F225_devkit/work_dbg/debug_top.v:276)
[EFX-0200 WARNING] Removing redundant signal : bscan_TMS. (/home/manoj/Documents/works/efinity_1/ip/sapphire_soc_no_cache/Ti60F225_devkit/work_dbg/debug_top.v:281)
[EFX-0266 WARNING] Module Instance 'la0' input pin tied to constant (trig_in=0).
[EFX-0266 WARNING] Module Instance 'la0' input pin tied to constant (trig_out_ack=0).
[EFX-0201 WARNING] Re-wiring to GND non-driven net 'la0.probe3[0]'. (/home/manoj/Documents/works/efinity_1/ip/sapphire_soc_no_cache/Ti60F225_devkit/work_dbg/debug_top.v:93)
[EFX-0201 WARNING] Re-wiring to GND non-driven net 'la0.probe4[0]'. (/home/manoj/Documents/works/efinity_1/ip/sapphire_soc_no_cache/Ti60F225_devkit/work_dbg/debug_top.v:93)
[EFX-0201 WARNING] Re-wiring to GND non-driven net 'la0.probe5[0]'. (/home/manoj/Documents/works/efinity_1/ip/sapphire_soc_no_cache/Ti60F225_devkit/work_dbg/debug_top.v:93)
[EFX-0201 WARNING] Re-wiring to GND non-driven net 'la0.probe6[0]'. (/home/manoj/Documents/works/efinity_1/ip/sapphire_soc_no_cache/Ti60F225_devkit/work_dbg/debug_top.v:93)
[EFX-0201 WARNING] Re-wiring to GND non-driven net 'la0.probe7[0]'. (/home/manoj/Documents/works/efinity_1/ip/sapphire_soc_no_cache/Ti60F225_devkit/work_dbg/debug_top.v:93)
[EFX-0201 WARNING] Re-wiring to GND non-driven net 'la0.probe8[0]'. (/home/manoj/Documents/works/efinity_1/ip/sapphire_soc_no_cache/Ti60F225_devkit/work_dbg/debug_top.v:93)
[EFX-0201 WARNING] Re-wiring to GND non-driven net 'la0.probe9[0]'. (/home/manoj/Documents/works/efinity_1/ip/sapphire_soc_no_cache/Ti60F225_devkit/work_dbg/debug_top.v:93)
[EFX-0201 WARNING] Re-wiring to GND non-driven net 'la0.probe10[0]'. (/home/manoj/Documents/works/efinity_1/ip/sapphire_soc_no_cache/Ti60F225_devkit/work_dbg/debug_top.v:93)
[EFX-0201 WARNING] Re-wiring to GND non-driven net 'la0.probe11[0]'. (/home/manoj/Documents/works/efinity_1/ip/sapphire_soc_no_cache/Ti60F225_devkit/work_dbg/debug_top.v:93)
[EFX-0201 WARNING] Re-wiring to GND non-driven net 'la0.probe12[0]'. (/home/manoj/Documents/works/efinity_1/ip/sapphire_soc_no_cache/Ti60F225_devkit/work_dbg/debug_top.v:93)
[EFX-0011 VERI-WARNING] Input/Inout Port bscan_DRCK is unconnected and will be removed 
[EFX-0011 VERI-WARNING] Input/Inout Port bscan_RUNTEST is unconnected and will be removed 
[EFX-0011 VERI-WARNING] Input/Inout Port bscan_TMS is unconnected and will be removed 

///////////////////////////////////
// Efinity Synthesis Started 
// Jan 09, 2023 13:01:56
///////////////////////////////////

[EFX-0256 WARNING] The primary output port 'memoryCheckerPass' wire 'memoryCheckerPass' is not driven.
[EFX-0256 WARNING] The primary output port 'memoryCheckerPass' wire 'memoryCheckerPass' is not driven.
[EFX-0200 WARNING] Removing redundant signal : PADDR[15]. (/home/manoj/Documents/works/efinity_1/ip/sapphire_soc_no_cache/Ti60F225_devkit/design_modules.v:31)
[EFX-0200 WARNING] Removing redundant signal : PADDR[14]. (/home/manoj/Documents/works/efinity_1/ip/sapphire_soc_no_cache/Ti60F225_devkit/design_modules.v:31)
[EFX-0200 WARNING] Removing redundant signal : PADDR[13]. (/home/manoj/Documents/works/efinity_1/ip/sapphire_soc_no_cache/Ti60F225_devkit/design_modules.v:31)
[EFX-0200 WARNING] Removing redundant signal : PADDR[12]. (/home/manoj/Documents/works/efinity_1/ip/sapphire_soc_no_cache/Ti60F225_devkit/design_modules.v:31)
[EFX-0200 WARNING] Removing redundant signal : PADDR[11]. (/home/manoj/Documents/works/efinity_1/ip/sapphire_soc_no_cache/Ti60F225_devkit/design_modules.v:31)
[EFX-0200 WARNING] Removing redundant signal : PADDR[10]. (/home/manoj/Documents/works/efinity_1/ip/sapphire_soc_no_cache/Ti60F225_devkit/design_modules.v:31)
[EFX-0200 WARNING] Removing redundant signal : PADDR[9]. (/home/manoj/Documents/works/efinity_1/ip/sapphire_soc_no_cache/Ti60F225_devkit/design_modules.v:31)
[EFX-0200 WARNING] Removing redundant signal : PADDR[8]. (/home/manoj/Documents/works/efinity_1/ip/sapphire_soc_no_cache/Ti60F225_devkit/design_modules.v:31)
[EFX-0200 WARNING] Removing redundant signal : PADDR[7]. (/home/manoj/Documents/works/efinity_1/ip/sapphire_soc_no_cache/Ti60F225_devkit/design_modules.v:31)
[EFX-0200 WARNING] Removing redundant signal : PADDR[6]. (/home/manoj/Documents/works/efinity_1/ip/sapphire_soc_no_cache/Ti60F225_devkit/design_modules.v:31)
[EFX-0200 WARNING] Removing redundant signal : PADDR[5]. (/home/manoj/Documents/works/efinity_1/ip/sapphire_soc_no_cache/Ti60F225_devkit/design_modules.v:31)
[EFX-0200 WARNING] Removing redundant signal : PADDR[4]. (/home/manoj/Documents/works/efinity_1/ip/sapphire_soc_no_cache/Ti60F225_devkit/design_modules.v:31)
[EFX-0200 WARNING] Removing redundant signal : byteIndex[31]. (/home/manoj/Documents/works/efinity_1/ip/sapphire_soc_no_cache/Ti60F225_devkit/design_modules.v:49)
[EFX-0200 WARNING] Removing redundant signal : byteIndex[30]. (/home/manoj/Documents/works/efinity_1/ip/sapphire_soc_no_cache/Ti60F225_devkit/design_modules.v:49)
[EFX-0200 WARNING] Removing redundant signal : byteIndex[29]. (/home/manoj/Documents/works/efinity_1/ip/sapphire_soc_no_cache/Ti60F225_devkit/design_modules.v:49)
[EFX-0200 WARNING] Removing redundant signal : byteIndex[28]. (/home/manoj/Documents/works/efinity_1/ip/sapphire_soc_no_cache/Ti60F225_devkit/design_modules.v:49)
[EFX-0200 WARNING] Removing redundant signal : byteIndex[27]. (/home/manoj/Documents/works/efinity_1/ip/sapphire_soc_no_cache/Ti60F225_devkit/design_modules.v:49)
[EFX-0200 WARNING] Removing redundant signal : byteIndex[26]. (/home/manoj/Documents/works/efinity_1/ip/sapphire_soc_no_cache/Ti60F225_devkit/design_modules.v:49)
[EFX-0200 WARNING] Removing redundant signal : byteIndex[25]. (/home/manoj/Documents/works/efinity_1/ip/sapphire_soc_no_cache/Ti60F225_devkit/design_modules.v:49)
[EFX-0200 WARNING] Removing redundant signal : byteIndex[24]. (/home/manoj/Documents/works/efinity_1/ip/sapphire_soc_no_cache/Ti60F225_devkit/design_modules.v:49)
[EFX-0266 WARNING] Module Instance 'IBusSimplePlugin_rspJoin_rspBuffer_c' input pin tied to constant (io_flush=0).
[EFX-0201 WARNING] Re-wiring to GND non-driven net 'IBusSimplePlugin_rspJoin_fetchRsp_isRvc'. (/home/manoj/Documents/works/efinity_1/ip/sapphire_soc_no_cache/Ti60F225_devkit/sapphire_soc_no_cache.v:8143)
[EFX-0266 WARNING] Module Instance 'memory_arbiter' input pin tied to constant (io_inputs_0_payload_fragment_source[0]=0).
[EFX-0266 WARNING] Module Instance 'memory_arbiter' input pin tied to constant (io_inputs_1_payload_fragment_source[0]=0).
[EFX-0266 WARNING] Module Instance 'memory_arbiter' input pin tied to constant (io_inputs_1_payload_fragment_context[0]=0).
[EFX-0266 WARNING] Module Instance 'writeCmdInfo_fifo' input pin tied to constant (io_flush=0).
[EFX-0266 WARNING] Module Instance 'readCmdInfo_fifo' input pin tied to constant (io_flush=0).
[EFX-0266 WARNING] Module Instance 'tx' input pin tied to constant (io_cts=0).
[EFX-0266 WARNING] Module Instance 'bridge_write_streamUnbuffered_queueWithOccupancy' input pin tied to constant (io_flush=0).
[EFX-0266 WARNING] Module Instance 'uartCtrl_1_io_read_queueWithOccupancy' input pin tied to constant (io_flush=0).
[EFX-0266 WARNING] Module Instance 'mapping_cmdLogic_streamUnbuffered_queueWithAvailability' input pin tied to constant (io_flush=0).
[EFX-0266 WARNING] Module Instance 'ctrl_io_rsp_queueWithOccupancy' input pin tied to constant (io_flush=0).
[EFX-0266 WARNING] Module Instance 'bufferCC_6' input pin tied to constant (io_dataIn=0).
[EFX-0266 WARNING] Module Instance 'bufferCC_7' input pin tied to constant (io_dataIn=0).
[EFX-0266 WARNING] Module Instance 'bufferCC_8' input pin tied to constant (io_dataIn=0).
[EFX-0266 WARNING] Module Instance 'system_bridge_bmb_arbiter' input pin tied to constant (io_inputs_1_cmd_payload_fragment_data[0]=0).
[EFX-0266 WARNING] Module Instance 'system_bridge_bmb_arbiter' input pin tied to constant (io_inputs_1_cmd_payload_fragment_data[1]=0).
[EFX-0266 WARNING] Module Instance 'system_bridge_bmb_arbiter' input pin tied to constant (io_inputs_1_cmd_payload_fragment_data[2]=0).
[EFX-0266 WARNING] Module Instance 'system_bridge_bmb_arbiter' input pin tied to constant (io_inputs_1_cmd_payload_fragment_data[3]=0).
[EFX-0266 WARNING] Module Instance 'system_bridge_bmb_arbiter' input pin tied to constant (io_inputs_1_cmd_payload_fragment_data[4]=0).
[EFX-0266 WARNING] Module Instance 'system_bridge_bmb_arbiter' input pin tied to constant (io_inputs_1_cmd_payload_fragment_data[5]=0).
[EFX-0266 WARNING] Module Instance 'system_bridge_bmb_arbiter' input pin tied to constant (io_inputs_1_cmd_payload_fragment_data[6]=0).
[EFX-0266 WARNING] Module Instance 'system_bridge_bmb_arbiter' input pin tied to constant (io_inputs_1_cmd_payload_fragment_data[7]=0).
[EFX-0266 WARNING] Module Instance 'system_bridge_bmb_arbiter' input pin tied to constant (io_inputs_1_cmd_payload_fragment_data[8]=0).
[EFX-0266 WARNING] Module Instance 'system_bridge_bmb_arbiter' input pin tied to constant (io_inputs_1_cmd_payload_fragment_data[9]=0).
[EFX-0266 WARNING] Module Instance 'system_bridge_bmb_arbiter' input pin tied to constant (io_inputs_1_cmd_payload_fragment_data[10]=0).
[EFX-0266 WARNING] Module Instance 'system_bridge_bmb_arbiter' input pin tied to constant (io_inputs_1_cmd_payload_fragment_data[11]=0).
[EFX-0266 WARNING] Module Instance 'system_bridge_bmb_arbiter' input pin tied to constant (io_inputs_1_cmd_payload_fragment_data[12]=0).
[EFX-0266 WARNING] Module Instance 'system_bridge_bmb_arbiter' input pin tied to constant (io_inputs_1_cmd_payload_fragment_data[13]=0).
[EFX-0266 WARNING] Module Instance 'system_bridge_bmb_arbiter' input pin tied to constant (io_inputs_1_cmd_payload_fragment_data[14]=0).
[EFX-0266 WARNING] Module Instance 'system_bridge_bmb_arbiter' input pin tied to constant (io_inputs_1_cmd_payload_fragment_data[15]=0).
[EFX-0266 WARNING] Module Instance 'system_bridge_bmb_arbiter' input pin tied to constant (io_inputs_1_cmd_payload_fragment_data[16]=0).
[EFX-0266 WARNING] Module Instance 'system_bridge_bmb_arbiter' input pin tied to constant (io_inputs_1_cmd_payload_fragment_data[17]=0).
[EFX-0266 WARNING] Module Instance 'system_bridge_bmb_arbiter' input pin tied to constant (io_inputs_1_cmd_payload_fragment_data[18]=0).
[EFX-0266 WARNING] Module Instance 'system_bridge_bmb_arbiter' input pin tied to constant (io_inputs_1_cmd_payload_fragment_data[19]=0).
[EFX-0266 WARNING] Module Instance 'system_bridge_bmb_arbiter' input pin tied to constant (io_inputs_1_cmd_payload_fragment_data[20]=0).
[EFX-0266 WARNING] Module Instance 'system_bridge_bmb_arbiter' input pin tied to constant (io_inputs_1_cmd_payload_fragment_data[21]=0).
[EFX-0266 WARNING] Module Instance 'system_bridge_bmb_arbiter' input pin tied to constant (io_inputs_1_cmd_payload_fragment_data[22]=0).
[EFX-0266 WARNING] Module Instance 'system_bridge_bmb_arbiter' input pin tied to constant (io_inputs_1_cmd_payload_fragment_data[23]=0).
[EFX-0266 WARNING] Module Instance 'system_bridge_bmb_arbiter' input pin tied to constant (io_inputs_1_cmd_payload_fragment_data[24]=0).
[EFX-0266 WARNING] Module Instance 'system_bridge_bmb_arbiter' input pin tied to constant (io_inputs_1_cmd_payload_fragment_data[25]=0).
[EFX-0266 WARNING] Module Instance 'system_bridge_bmb_arbiter' input pin tied to constant (io_inputs_1_cmd_payload_fragment_data[26]=0).
[EFX-0266 WARNING] Module Instance 'system_bridge_bmb_arbiter' input pin tied to constant (io_inputs_1_cmd_payload_fragment_data[27]=0).
[EFX-0266 WARNING] Module Instance 'system_bridge_bmb_arbiter' input pin tied to constant (io_inputs_1_cmd_payload_fragment_data[28]=0).
[EFX-0266 WARNING] Module Instance 'system_bridge_bmb_arbiter' input pin tied to constant (io_inputs_1_cmd_payload_fragment_data[29]=0).
[EFX-0266 WARNING] Module Instance 'system_bridge_bmb_arbiter' input pin tied to constant (io_inputs_1_cmd_payload_fragment_data[30]=0).
[EFX-0266 WARNING] Module Instance 'system_bridge_bmb_arbiter' input pin tied to constant (io_inputs_1_cmd_payload_fragment_data[31]=0).
[EFX-0266 WARNING] Module Instance 'system_bridge_bmb_arbiter' input pin tied to constant (io_inputs_1_cmd_payload_fragment_mask[0]=0).
[EFX-0266 WARNING] Module Instance 'system_bridge_bmb_arbiter' input pin tied to constant (io_inputs_1_cmd_payload_fragment_mask[1]=0).
[EFX-0266 WARNING] Module Instance 'system_bridge_bmb_arbiter' input pin tied to constant (io_inputs_1_cmd_payload_fragment_mask[2]=0).
[EFX-0266 WARNING] Module Instance 'system_bridge_bmb_arbiter' input pin tied to constant (io_inputs_1_cmd_payload_fragment_mask[3]=0).
[EFX-0201 WARNING] Re-wiring to GND non-driven net 'soc_inst.jtagCtrl_update'. (/home/manoj/Documents/works/efinity_1/ip/sapphire_soc_no_cache/Ti60F225_devkit/top_soc.v:188)
[EFX-0201 WARNING] Re-wiring to GND non-driven net 'soc_inst.jtagCtrl_reset'. (/home/manoj/Documents/works/efinity_1/ip/sapphire_soc_no_cache/Ti60F225_devkit/top_soc.v:188)
[EFX-0201 WARNING] Re-wiring to GND non-driven net 'soc_inst.system_spi_0_io_data_2_read'. (/home/manoj/Documents/works/efinity_1/ip/sapphire_soc_no_cache/Ti60F225_devkit/top_soc.v:188)
[EFX-0201 WARNING] Re-wiring to GND non-driven net 'soc_inst.system_spi_0_io_data_3_read'. (/home/manoj/Documents/works/efinity_1/ip/sapphire_soc_no_cache/Ti60F225_devkit/top_soc.v:188)
[EFX-0201 WARNING] Re-wiring to GND non-driven net 'memoryCheckerPass'. (/home/manoj/Documents/works/efinity_1/ip/sapphire_soc_no_cache/Ti60F225_devkit/top_soc.v:41)
[EFX-0655 WARNING] Mapping into logic memory block 'soc_inst/u_EfxSapphireSoc/system_axiA_logic_bmbToAxiBridge/readCmdInfo_fifo/logic_ram'. (/home/manoj/Documents/works/efinity_1/ip/sapphire_soc_no_cache/Ti60F225_devkit/sapphire_soc_no_cache.v:13452)
[EFX-0655 WARNING] Mapping into logic memory block 'soc_inst/u_EfxSapphireSoc/system_axiA_logic_bmbToAxiBridge/writeCmdInfo_fifo/logic_ram'. (/home/manoj/Documents/works/efinity_1/ip/sapphire_soc_no_cache/Ti60F225_devkit/sapphire_soc_no_cache.v:13452)
