
///////////////////////////////////
// Efinity Synthesis Started 
// Mar 05, 2023 02:43:02
///////////////////////////////////

[EFX-0012 VERI-INFO] default VHDL library search path is now "/media/manoj/5121/tool/efinix/efinity/2022.M/sim_models/vhdl/packages/vhdl_2008" (VHDL-1504) 
[EFX-0012 VERI-INFO] analyzing included file '/media/manoj/5121/prj/efinity_1_copy/efinity_1/ip/sapphire_soc_no_cache/Ti60F225_devkit/hbram_top.vh' (VERI-1328) (/media/manoj/5121/prj/efinity_1_copy/efinity_1/ip/sapphire_soc_no_cache/Ti60F225_devkit/top_soc.v:107)
[EFX-0012 VERI-INFO] back to file '/media/manoj/5121/prj/efinity_1_copy/efinity_1/ip/sapphire_soc_no_cache/Ti60F225_devkit/top_soc.v' (VERI-2320) (/media/manoj/5121/prj/efinity_1_copy/efinity_1/ip/sapphire_soc_no_cache/Ti60F225_devkit/top_soc.v:107)
[EFX-0012 VERI-INFO] undeclared symbol '**', assumed default net type '**' (VERI-2561) (/media/manoj/5121/prj/efinity_1_copy/efinity_1/ip/sapphire_soc_no_cache/Ti60F225_devkit/hbram_top.encrypted.v:0)
[EFX-0012 VERI-INFO] undeclared symbol '**', assumed default net type '**' (VERI-2561) (/media/manoj/5121/prj/efinity_1_copy/efinity_1/ip/sapphire_soc_no_cache/Ti60F225_devkit/hbram_top.encrypted.v:0)
[EFX-0011 VERI-WARNING] parameter '**' becomes localparam in '**' with formal parameter declaration list (VERI-1199) (/media/manoj/5121/prj/efinity_1_copy/efinity_1/ip/sapphire_soc_no_cache/Ti60F225_devkit/hbram_top.encrypted.v:0)
[EFX-0012 VERI-INFO] compiling module 'top_soc' (VERI-1018) (/media/manoj/5121/prj/efinity_1_copy/efinity_1/ip/sapphire_soc_no_cache/Ti60F225_devkit/top_soc.v:20)
[EFX-0012 VERI-INFO] compiling module 'axi4_slave' (VERI-1018) (/media/manoj/5121/prj/efinity_1_copy/efinity_1/ip/sapphire_soc_no_cache/Ti60F225_devkit/design_modules.v:207)
[EFX-0011 VERI-WARNING] expression size 10 truncated to fit in target size 8 (VERI-1209) (/media/manoj/5121/prj/efinity_1_copy/efinity_1/ip/sapphire_soc_no_cache/Ti60F225_devkit/design_modules.v:631)
[EFX-0012 VERI-INFO] compiling module 'ext_mem(DATA_WIDTH=10)' (VERI-1018) (/media/manoj/5121/prj/efinity_1_copy/efinity_1/ip/sapphire_soc_no_cache/Ti60F225_devkit/design_modules.v:1067)
[EFX-0012 VERI-INFO] extracting RAM for identifier 'ram' (VERI-2571) (/media/manoj/5121/prj/efinity_1_copy/efinity_1/ip/sapphire_soc_no_cache/Ti60F225_devkit/design_modules.v:1088)
[EFX-0011 VERI-WARNING] expression size 32 truncated to fit in target size 10 (VERI-1209) (/media/manoj/5121/prj/efinity_1_copy/efinity_1/ip/sapphire_soc_no_cache/Ti60F225_devkit/design_modules.v:1105)
[EFX-0011 VERI-WARNING] expression size 10 truncated to fit in target size 8 (VERI-1209) (/media/manoj/5121/prj/efinity_1_copy/efinity_1/ip/sapphire_soc_no_cache/Ti60F225_devkit/design_modules.v:631)
[EFX-0011 VERI-WARNING] expression size 10 truncated to fit in target size 8 (VERI-1209) (/media/manoj/5121/prj/efinity_1_copy/efinity_1/ip/sapphire_soc_no_cache/Ti60F225_devkit/design_modules.v:631)
[EFX-0011 VERI-WARNING] expression size 10 truncated to fit in target size 8 (VERI-1209) (/media/manoj/5121/prj/efinity_1_copy/efinity_1/ip/sapphire_soc_no_cache/Ti60F225_devkit/design_modules.v:631)
[EFX-0012 VERI-INFO] compiling module 'timer_start(MHZ=100,SECOND=10,PULSE=1)' (VERI-1018) (/media/manoj/5121/prj/efinity_1_copy/efinity_1/ip/sapphire_soc_no_cache/Ti60F225_devkit/design_modules.v:998)
[EFX-0012 VERI-INFO] compiling module 'apb3_slave' (VERI-1018) (/media/manoj/5121/prj/efinity_1_copy/efinity_1/ip/sapphire_soc_no_cache/Ti60F225_devkit/design_modules.v:21)
[EFX-0012 VERI-INFO] compiling module 'sapphire_soc_no_cache' (VERI-1018) (/media/manoj/5121/prj/efinity_1_copy/efinity_1/ip/sapphire_soc_no_cache/Ti60F225_devkit/sapphire_soc_no_cache.v:49)
[EFX-0012 VERI-INFO] compiling module 'EfxSapphireSoc_405ea46d60e24610b73143074c4bd08b' (VERI-1018) (/media/manoj/5121/prj/efinity_1_copy/efinity_1/ip/sapphire_soc_no_cache/Ti60F225_devkit/sapphire_soc_no_cache.v:220)
[EFX-0012 VERI-INFO] compiling module 'BufferCC_2_405ea46d60e24610b73143074c4bd08b' (VERI-1018) (/media/manoj/5121/prj/efinity_1_copy/efinity_1/ip/sapphire_soc_no_cache/Ti60F225_devkit/sapphire_soc_no_cache.v:12064)
[EFX-0012 VERI-INFO] compiling module 'BufferCC_3_405ea46d60e24610b73143074c4bd08b' (VERI-1018) (/media/manoj/5121/prj/efinity_1_copy/efinity_1/ip/sapphire_soc_no_cache/Ti60F225_devkit/sapphire_soc_no_cache.v:12040)
[EFX-0012 VERI-INFO] compiling module 'VexRiscv_405ea46d60e24610b73143074c4bd08b' (VERI-1018) (/media/manoj/5121/prj/efinity_1_copy/efinity_1/ip/sapphire_soc_no_cache/Ti60F225_devkit/sapphire_soc_no_cache.v:7508)
[EFX-0012 VERI-INFO] extracting RAM for identifier 'RegFilePlugin_regFile' (VERI-2571) (/media/manoj/5121/prj/efinity_1_copy/efinity_1/ip/sapphire_soc_no_cache/Ti60F225_devkit/sapphire_soc_no_cache.v:8650)
[EFX-0012 VERI-INFO] compiling module 'StreamFifoLowLatency_405ea46d60e24610b73143074c4bd08b' (VERI-1018) (/media/manoj/5121/prj/efinity_1_copy/efinity_1/ip/sapphire_soc_no_cache/Ti60F225_devkit/sapphire_soc_no_cache.v:13732)
[EFX-0011 VERI-WARNING] net 'IBusSimplePlugin_rspJoin_fetchRsp_isRvc' does not have a driver (VDB-1002) (/media/manoj/5121/prj/efinity_1_copy/efinity_1/ip/sapphire_soc_no_cache/Ti60F225_devkit/sapphire_soc_no_cache.v:8144)
[EFX-0012 VERI-INFO] compiling module 'BufferCC_4_405ea46d60e24610b73143074c4bd08b' (VERI-1018) (/media/manoj/5121/prj/efinity_1_copy/efinity_1/ip/sapphire_soc_no_cache/Ti60F225_devkit/sapphire_soc_no_cache.v:7489)
[EFX-0012 VERI-INFO] compiling module 'JtagBridgeNoTap_405ea46d60e24610b73143074c4bd08b' (VERI-1018) (/media/manoj/5121/prj/efinity_1_copy/efinity_1/ip/sapphire_soc_no_cache/Ti60F225_devkit/sapphire_soc_no_cache.v:7278)
[EFX-0012 VERI-INFO] compiling module 'FlowCCByToggle_405ea46d60e24610b73143074c4bd08b' (VERI-1018) (/media/manoj/5121/prj/efinity_1_copy/efinity_1/ip/sapphire_soc_no_cache/Ti60F225_devkit/sapphire_soc_no_cache.v:13660)
[EFX-0011 VERI-WARNING] system function call 'urandom' is not supported (VERI-1141) (/media/manoj/5121/prj/efinity_1_copy/efinity_1/ip/sapphire_soc_no_cache/Ti60F225_devkit/sapphire_soc_no_cache.v:13693)
[EFX-0011 VERI-WARNING] system function call 'urandom' is not supported (VERI-1141) (/media/manoj/5121/prj/efinity_1_copy/efinity_1/ip/sapphire_soc_no_cache/Ti60F225_devkit/sapphire_soc_no_cache.v:13694)
[EFX-0012 VERI-INFO] compiling module 'BufferCC_1_405ea46d60e24610b73143074c4bd08b' (VERI-1018) (/media/manoj/5121/prj/efinity_1_copy/efinity_1/ip/sapphire_soc_no_cache/Ti60F225_devkit/sapphire_soc_no_cache.v:14436)
[EFX-0011 VERI-WARNING] system function call 'urandom' is not supported (VERI-1141) (/media/manoj/5121/prj/efinity_1_copy/efinity_1/ip/sapphire_soc_no_cache/Ti60F225_devkit/sapphire_soc_no_cache.v:14448)
[EFX-0011 VERI-WARNING] system function call 'urandom' is not supported (VERI-1141) (/media/manoj/5121/prj/efinity_1_copy/efinity_1/ip/sapphire_soc_no_cache/Ti60F225_devkit/sapphire_soc_no_cache.v:14449)
[EFX-0012 VERI-INFO] compiling module 'SystemDebugger_405ea46d60e24610b73143074c4bd08b' (VERI-1018) (/media/manoj/5121/prj/efinity_1_copy/efinity_1/ip/sapphire_soc_no_cache/Ti60F225_devkit/sapphire_soc_no_cache.v:7191)
[EFX-0012 VERI-INFO] compiling module 'BufferCC_5_405ea46d60e24610b73143074c4bd08b' (VERI-1018) (/media/manoj/5121/prj/efinity_1_copy/efinity_1/ip/sapphire_soc_no_cache/Ti60F225_devkit/sapphire_soc_no_cache.v:7167)
[EFX-0012 VERI-INFO] compiling module 'BmbArbiter_405ea46d60e24610b73143074c4bd08b' (VERI-1018) (/media/manoj/5121/prj/efinity_1_copy/efinity_1/ip/sapphire_soc_no_cache/Ti60F225_devkit/sapphire_soc_no_cache.v:7031)
[EFX-0012 VERI-INFO] compiling module 'StreamArbiter_405ea46d60e24610b73143074c4bd08b' (VERI-1018) (/media/manoj/5121/prj/efinity_1_copy/efinity_1/ip/sapphire_soc_no_cache/Ti60F225_devkit/sapphire_soc_no_cache.v:13563)
[EFX-0012 VERI-INFO] compiling module 'BmbDecoder_405ea46d60e24610b73143074c4bd08b' (VERI-1018) (/media/manoj/5121/prj/efinity_1_copy/efinity_1/ip/sapphire_soc_no_cache/Ti60F225_devkit/sapphire_soc_no_cache.v:6991)
[EFX-0012 VERI-INFO] compiling module 'BmbToAxi4SharedBridge_405ea46d60e24610b73143074c4bd08b' (VERI-1018) (/media/manoj/5121/prj/efinity_1_copy/efinity_1/ip/sapphire_soc_no_cache/Ti60F225_devkit/sapphire_soc_no_cache.v:6422)
[EFX-0012 VERI-INFO] compiling module 'StreamFifo_405ea46d60e24610b73143074c4bd08b' (VERI-1018) (/media/manoj/5121/prj/efinity_1_copy/efinity_1/ip/sapphire_soc_no_cache/Ti60F225_devkit/sapphire_soc_no_cache.v:13405)
[EFX-0012 VERI-INFO] extracting RAM for identifier 'logic_ram' (VERI-2571) (/media/manoj/5121/prj/efinity_1_copy/efinity_1/ip/sapphire_soc_no_cache/Ti60F225_devkit/sapphire_soc_no_cache.v:13453)
[EFX-0012 VERI-INFO] compiling module 'BmbDecoder_1_405ea46d60e24610b73143074c4bd08b' (VERI-1018) (/media/manoj/5121/prj/efinity_1_copy/efinity_1/ip/sapphire_soc_no_cache/Ti60F225_devkit/sapphire_soc_no_cache.v:6109)
[EFX-0012 VERI-INFO] compiling module 'BmbDecoder_2_405ea46d60e24610b73143074c4bd08b' (VERI-1018) (/media/manoj/5121/prj/efinity_1_copy/efinity_1/ip/sapphire_soc_no_cache/Ti60F225_devkit/sapphire_soc_no_cache.v:5943)
[EFX-0012 VERI-INFO] compiling module 'BmbOnChipRam_405ea46d60e24610b73143074c4bd08b' (VERI-1018) (/media/manoj/5121/prj/efinity_1_copy/efinity_1/ip/sapphire_soc_no_cache/Ti60F225_devkit/sapphire_soc_no_cache.v:5836)
[EFX-0012 VERI-INFO] extracting RAM for identifier 'ram_symbol0' (VERI-2571) (/media/manoj/5121/prj/efinity_1_copy/efinity_1/ip/sapphire_soc_no_cache/Ti60F225_devkit/sapphire_soc_no_cache.v:5867)
[EFX-0012 VERI-INFO] extracting RAM for identifier 'ram_symbol1' (VERI-2571) (/media/manoj/5121/prj/efinity_1_copy/efinity_1/ip/sapphire_soc_no_cache/Ti60F225_devkit/sapphire_soc_no_cache.v:5868)
[EFX-0012 VERI-INFO] extracting RAM for identifier 'ram_symbol2' (VERI-2571) (/media/manoj/5121/prj/efinity_1_copy/efinity_1/ip/sapphire_soc_no_cache/Ti60F225_devkit/sapphire_soc_no_cache.v:5869)
[EFX-0012 VERI-INFO] extracting RAM for identifier 'ram_symbol3' (VERI-2571) (/media/manoj/5121/prj/efinity_1_copy/efinity_1/ip/sapphire_soc_no_cache/Ti60F225_devkit/sapphire_soc_no_cache.v:5870)
[EFX-0012 VERI-INFO] compiling module 'BmbDecoder_3_405ea46d60e24610b73143074c4bd08b' (VERI-1018) (/media/manoj/5121/prj/efinity_1_copy/efinity_1/ip/sapphire_soc_no_cache/Ti60F225_devkit/sapphire_soc_no_cache.v:5277)
[EFX-0012 VERI-INFO] compiling module 'BmbClint_405ea46d60e24610b73143074c4bd08b' (VERI-1018) (/media/manoj/5121/prj/efinity_1_copy/efinity_1/ip/sapphire_soc_no_cache/Ti60F225_devkit/sapphire_soc_no_cache.v:5108)
[EFX-0012 VERI-INFO] compiling module 'BmbUartCtrl_405ea46d60e24610b73143074c4bd08b' (VERI-1018) (/media/manoj/5121/prj/efinity_1_copy/efinity_1/ip/sapphire_soc_no_cache/Ti60F225_devkit/sapphire_soc_no_cache.v:4626)
[EFX-0012 VERI-INFO] compiling module 'UartCtrl_405ea46d60e24610b73143074c4bd08b' (VERI-1018) (/media/manoj/5121/prj/efinity_1_copy/efinity_1/ip/sapphire_soc_no_cache/Ti60F225_devkit/sapphire_soc_no_cache.v:13274)
[EFX-0012 VERI-INFO] compiling module 'UartCtrlTx_405ea46d60e24610b73143074c4bd08b' (VERI-1018) (/media/manoj/5121/prj/efinity_1_copy/efinity_1/ip/sapphire_soc_no_cache/Ti60F225_devkit/sapphire_soc_no_cache.v:14209)
[EFX-0012 VERI-INFO] compiling module 'UartCtrlRx_405ea46d60e24610b73143074c4bd08b' (VERI-1018) (/media/manoj/5121/prj/efinity_1_copy/efinity_1/ip/sapphire_soc_no_cache/Ti60F225_devkit/sapphire_soc_no_cache.v:13915)
[EFX-0012 VERI-INFO] compiling module 'BufferCC_405ea46d60e24610b73143074c4bd08b' (VERI-1018) (/media/manoj/5121/prj/efinity_1_copy/efinity_1/ip/sapphire_soc_no_cache/Ti60F225_devkit/sapphire_soc_no_cache.v:14462)
[EFX-0012 VERI-INFO] compiling module 'StreamFifo_2_405ea46d60e24610b73143074c4bd08b' (VERI-1018) (/media/manoj/5121/prj/efinity_1_copy/efinity_1/ip/sapphire_soc_no_cache/Ti60F225_devkit/sapphire_soc_no_cache.v:13123)
[EFX-0012 VERI-INFO] extracting RAM for identifier 'logic_ram' (VERI-2571) (/media/manoj/5121/prj/efinity_1_copy/efinity_1/ip/sapphire_soc_no_cache/Ti60F225_devkit/sapphire_soc_no_cache.v:13167)
[EFX-0012 VERI-INFO] compiling module 'BmbSpiXdrMasterCtrl_405ea46d60e24610b73143074c4bd08b' (VERI-1018) (/media/manoj/5121/prj/efinity_1_copy/efinity_1/ip/sapphire_soc_no_cache/Ti60F225_devkit/sapphire_soc_no_cache.v:4155)
[EFX-0012 VERI-INFO] compiling module 'TopLevel_405ea46d60e24610b73143074c4bd08b' (VERI-1018) (/media/manoj/5121/prj/efinity_1_copy/efinity_1/ip/sapphire_soc_no_cache/Ti60F225_devkit/sapphire_soc_no_cache.v:12472)
[EFX-0012 VERI-INFO] compiling module 'StreamFifo_4_405ea46d60e24610b73143074c4bd08b' (VERI-1018) (/media/manoj/5121/prj/efinity_1_copy/efinity_1/ip/sapphire_soc_no_cache/Ti60F225_devkit/sapphire_soc_no_cache.v:12308)
[EFX-0012 VERI-INFO] extracting RAM for identifier 'logic_ram' (VERI-2571) (/media/manoj/5121/prj/efinity_1_copy/efinity_1/ip/sapphire_soc_no_cache/Ti60F225_devkit/sapphire_soc_no_cache.v:12360)
[EFX-0012 VERI-INFO] compiling module 'StreamFifo_5_405ea46d60e24610b73143074c4bd08b' (VERI-1018) (/media/manoj/5121/prj/efinity_1_copy/efinity_1/ip/sapphire_soc_no_cache/Ti60F225_devkit/sapphire_soc_no_cache.v:12157)
[EFX-0012 VERI-INFO] extracting RAM for identifier 'logic_ram' (VERI-2571) (/media/manoj/5121/prj/efinity_1_copy/efinity_1/ip/sapphire_soc_no_cache/Ti60F225_devkit/sapphire_soc_no_cache.v:12201)
[EFX-0012 VERI-INFO] compiling module 'EfxTimerCtrl_405ea46d60e24610b73143074c4bd08b' (VERI-1018) (/media/manoj/5121/prj/efinity_1_copy/efinity_1/ip/sapphire_soc_no_cache/Ti60F225_devkit/sapphire_soc_no_cache.v:3925)
[EFX-0012 VERI-INFO] compiling module 'Prescaler_405ea46d60e24610b73143074c4bd08b' (VERI-1018) (/media/manoj/5121/prj/efinity_1_copy/efinity_1/ip/sapphire_soc_no_cache/Ti60F225_devkit/sapphire_soc_no_cache.v:12134)
[EFX-0012 VERI-INFO] compiling module 'Timer_405ea46d60e24610b73143074c4bd08b' (VERI-1018) (/media/manoj/5121/prj/efinity_1_copy/efinity_1/ip/sapphire_soc_no_cache/Ti60F225_devkit/sapphire_soc_no_cache.v:12088)
[EFX-0012 VERI-INFO] compiling module 'BmbGpio2_405ea46d60e24610b73143074c4bd08b' (VERI-1018) (/media/manoj/5121/prj/efinity_1_copy/efinity_1/ip/sapphire_soc_no_cache/Ti60F225_devkit/sapphire_soc_no_cache.v:3641)
[EFX-0012 VERI-INFO] compiling module 'BmbToApb3Bridge_405ea46d60e24610b73143074c4bd08b' (VERI-1018) (/media/manoj/5121/prj/efinity_1_copy/efinity_1/ip/sapphire_soc_no_cache/Ti60F225_devkit/sapphire_soc_no_cache.v:3479)
[EFX-0011 VERI-WARNING] input port 'jtagCtrl_update' remains unconnected for this instance (VDB-1053) (/media/manoj/5121/prj/efinity_1_copy/efinity_1/ip/sapphire_soc_no_cache/Ti60F225_devkit/top_soc.v:188)
[EFX-0256 WARNING] The primary output port 'memoryCheckerPass' wire 'memoryCheckerPass' is not driven.
[EFX-0000 INFO] Setting Synthesis Option: mode=speed
[EFX-0012 VERI-INFO] compiling module 'EFX_ADD' (VERI-1018) (/media/manoj/5121/tool/efinix/efinity/2022.M/sim_models/maplib/efinix_maplib.v:6)
[EFX-0012 VERI-INFO] compiling module 'EFX_FF' (VERI-1018) (/media/manoj/5121/tool/efinix/efinity/2022.M/sim_models/maplib/efinix_maplib.v:19)
[EFX-0012 VERI-INFO] compiling module 'EFX_COMB4' (VERI-1018) (/media/manoj/5121/tool/efinix/efinity/2022.M/sim_models/maplib/efinix_maplib.v:36)
[EFX-0012 VERI-INFO] compiling module 'EFX_GBUFCE' (VERI-1018) (/media/manoj/5121/tool/efinix/efinity/2022.M/sim_models/maplib/efinix_maplib.v:46)
[EFX-0012 VERI-INFO] compiling module 'EFX_IDDR' (VERI-1018) (/media/manoj/5121/tool/efinix/efinity/2022.M/sim_models/maplib/efinix_maplib.v:55)
[EFX-0012 VERI-INFO] compiling module 'EFX_ODDR' (VERI-1018) (/media/manoj/5121/tool/efinix/efinity/2022.M/sim_models/maplib/efinix_maplib.v:69)
[EFX-0012 VERI-INFO] compiling module 'EFX_IOBUF' (VERI-1018) (/media/manoj/5121/tool/efinix/efinity/2022.M/sim_models/maplib/efinix_maplib.v:85)
[EFX-0012 VERI-INFO] compiling module 'EFX_LUT4' (VERI-1018) (/media/manoj/5121/tool/efinix/efinity/2022.M/sim_models/maplib/efinix_maplib.v:97)
[EFX-0012 VERI-INFO] compiling module 'EFX_MULT' (VERI-1018) (/media/manoj/5121/tool/efinix/efinity/2022.M/sim_models/maplib/efinix_maplib.v:105)
[EFX-0012 VERI-INFO] compiling module 'EFX_DSP48' (VERI-1018) (/media/manoj/5121/tool/efinix/efinity/2022.M/sim_models/maplib/efinix_maplib.v:140)
[EFX-0012 VERI-INFO] compiling module 'EFX_DSP24' (VERI-1018) (/media/manoj/5121/tool/efinix/efinity/2022.M/sim_models/maplib/efinix_maplib.v:196)
[EFX-0012 VERI-INFO] compiling module 'EFX_DSP12' (VERI-1018) (/media/manoj/5121/tool/efinix/efinity/2022.M/sim_models/maplib/efinix_maplib.v:249)
[EFX-0012 VERI-INFO] compiling module 'EFX_RAM_4K' (VERI-1018) (/media/manoj/5121/tool/efinix/efinity/2022.M/sim_models/maplib/efinix_maplib.v:302)
[EFX-0012 VERI-INFO] compiling module 'EFX_RAM_5K' (VERI-1018) (/media/manoj/5121/tool/efinix/efinity/2022.M/sim_models/maplib/efinix_maplib.v:362)
[EFX-0012 VERI-INFO] compiling module 'EFX_DPRAM_5K' (VERI-1018) (/media/manoj/5121/tool/efinix/efinity/2022.M/sim_models/maplib/efinix_maplib.v:434)
[EFX-0012 VERI-INFO] compiling module 'RAMB5' (VERI-1018) (/media/manoj/5121/tool/efinix/efinity/2022.M/sim_models/maplib/efinix_maplib.v:539)
[EFX-0012 VERI-INFO] compiling module 'EFX_RAM_10K' (VERI-1018) (/media/manoj/5121/tool/efinix/efinity/2022.M/sim_models/maplib/efinix_maplib.v:601)
[EFX-0012 VERI-INFO] compiling module 'EFX_RAM10' (VERI-1018) (/media/manoj/5121/tool/efinix/efinity/2022.M/sim_models/maplib/efinix_maplib.v:693)
[EFX-0012 VERI-INFO] compiling module 'EFX_DPRAM10' (VERI-1018) (/media/manoj/5121/tool/efinix/efinity/2022.M/sim_models/maplib/efinix_maplib.v:794)
[EFX-0012 VERI-INFO] compiling module 'EFX_SRL8' (VERI-1018) (/media/manoj/5121/tool/efinix/efinity/2022.M/sim_models/maplib/efinix_maplib.v:924)
[EFX-0000 INFO] ... Pre-synthesis checks begin
[EFX-0256 WARNING] The primary output port 'memoryCheckerPass' wire 'memoryCheckerPass' is not driven.
[EFX-0677 INFO] Zero initialization of uninitialized memory block 'ram'. (/media/manoj/5121/prj/efinity_1_copy/efinity_1/ip/sapphire_soc_no_cache/Ti60F225_devkit/design_modules.v:1088)
[EFX-0200 WARNING] Removing redundant signal : araddr_wrap[31]. (/media/manoj/5121/prj/efinity_1_copy/efinity_1/ip/sapphire_soc_no_cache/Ti60F225_devkit/design_modules.v:310)
[EFX-0200 WARNING] Removing redundant signal : araddr_wrap[30]. (/media/manoj/5121/prj/efinity_1_copy/efinity_1/ip/sapphire_soc_no_cache/Ti60F225_devkit/design_modules.v:310)
[EFX-0200 WARNING] Removing redundant signal : araddr_wrap[29]. (/media/manoj/5121/prj/efinity_1_copy/efinity_1/ip/sapphire_soc_no_cache/Ti60F225_devkit/design_modules.v:310)
[EFX-0200 WARNING] Removing redundant signal : araddr_wrap[28]. (/media/manoj/5121/prj/efinity_1_copy/efinity_1/ip/sapphire_soc_no_cache/Ti60F225_devkit/design_modules.v:310)
[EFX-0200 WARNING] Removing redundant signal : araddr_wrap[27]. (/media/manoj/5121/prj/efinity_1_copy/efinity_1/ip/sapphire_soc_no_cache/Ti60F225_devkit/design_modules.v:310)
[EFX-0200 WARNING] Removing redundant signal : araddr_wrap[26]. (/media/manoj/5121/prj/efinity_1_copy/efinity_1/ip/sapphire_soc_no_cache/Ti60F225_devkit/design_modules.v:310)
[EFX-0200 WARNING] Removing redundant signal : araddr_wrap[25]. (/media/manoj/5121/prj/efinity_1_copy/efinity_1/ip/sapphire_soc_no_cache/Ti60F225_devkit/design_modules.v:310)
[EFX-0200 WARNING] Removing redundant signal : araddr_wrap[24]. (/media/manoj/5121/prj/efinity_1_copy/efinity_1/ip/sapphire_soc_no_cache/Ti60F225_devkit/design_modules.v:310)
[EFX-0200 WARNING] Removing redundant signal : araddr_wrap[23]. (/media/manoj/5121/prj/efinity_1_copy/efinity_1/ip/sapphire_soc_no_cache/Ti60F225_devkit/design_modules.v:310)
[EFX-0200 WARNING] Removing redundant signal : araddr_wrap[22]. (/media/manoj/5121/prj/efinity_1_copy/efinity_1/ip/sapphire_soc_no_cache/Ti60F225_devkit/design_modules.v:310)
[EFX-0200 WARNING] Removing redundant signal : araddr_wrap[21]. (/media/manoj/5121/prj/efinity_1_copy/efinity_1/ip/sapphire_soc_no_cache/Ti60F225_devkit/design_modules.v:310)
[EFX-0200 WARNING] Removing redundant signal : araddr_wrap[20]. (/media/manoj/5121/prj/efinity_1_copy/efinity_1/ip/sapphire_soc_no_cache/Ti60F225_devkit/design_modules.v:310)
[EFX-0200 WARNING] Removing redundant signal : araddr_wrap[19]. (/media/manoj/5121/prj/efinity_1_copy/efinity_1/ip/sapphire_soc_no_cache/Ti60F225_devkit/design_modules.v:310)
[EFX-0200 WARNING] Removing redundant signal : araddr_wrap[18]. (/media/manoj/5121/prj/efinity_1_copy/efinity_1/ip/sapphire_soc_no_cache/Ti60F225_devkit/design_modules.v:310)
[EFX-0200 WARNING] Removing redundant signal : araddr_wrap[17]. (/media/manoj/5121/prj/efinity_1_copy/efinity_1/ip/sapphire_soc_no_cache/Ti60F225_devkit/design_modules.v:310)
[EFX-0200 WARNING] Removing redundant signal : araddr_wrap[16]. (/media/manoj/5121/prj/efinity_1_copy/efinity_1/ip/sapphire_soc_no_cache/Ti60F225_devkit/design_modules.v:310)
[EFX-0200 WARNING] Removing redundant signal : araddr_wrap[15]. (/media/manoj/5121/prj/efinity_1_copy/efinity_1/ip/sapphire_soc_no_cache/Ti60F225_devkit/design_modules.v:310)
[EFX-0200 WARNING] Removing redundant signal : araddr_wrap[14]. (/media/manoj/5121/prj/efinity_1_copy/efinity_1/ip/sapphire_soc_no_cache/Ti60F225_devkit/design_modules.v:310)
[EFX-0200 WARNING] Removing redundant signal : araddr_wrap[13]. (/media/manoj/5121/prj/efinity_1_copy/efinity_1/ip/sapphire_soc_no_cache/Ti60F225_devkit/design_modules.v:310)
[EFX-0200 WARNING] Removing redundant signal : araddr_wrap[12]. (/media/manoj/5121/prj/efinity_1_copy/efinity_1/ip/sapphire_soc_no_cache/Ti60F225_devkit/design_modules.v:310)
[EFX-0266 WARNING] Module Instance 'IBusSimplePlugin_rspJoin_rspBuffer_c' input pin tied to constant (io_flush=0).
[EFX-0031 INFO] 'select_1195' instance is encountered with don't-care(1'bx) input, rewiring to GND. (/media/manoj/5121/prj/efinity_1_copy/efinity_1/ip/sapphire_soc_no_cache/Ti60F225_devkit/sapphire_soc_no_cache.v:10810)
[EFX-0031 INFO] 'select_1198' instance is encountered with don't-care(1'bx) input, rewiring to GND. (/media/manoj/5121/prj/efinity_1_copy/efinity_1/ip/sapphire_soc_no_cache/Ti60F225_devkit/sapphire_soc_no_cache.v:10821)
[EFX-0201 WARNING] Re-wiring to GND non-driven net 'IBusSimplePlugin_rspJoin_fetchRsp_isRvc'. (/media/manoj/5121/prj/efinity_1_copy/efinity_1/ip/sapphire_soc_no_cache/Ti60F225_devkit/sapphire_soc_no_cache.v:8144)
[EFX-0677 INFO] Zero initialization of uninitialized memory block 'RegFilePlugin_regFile'. (/media/manoj/5121/prj/efinity_1_copy/efinity_1/ip/sapphire_soc_no_cache/Ti60F225_devkit/sapphire_soc_no_cache.v:8650)
[EFX-0266 WARNING] Module Instance 'memory_arbiter' input pin tied to constant (io_inputs_0_payload_fragment_source[0]=0).
[EFX-0266 WARNING] Module Instance 'memory_arbiter' input pin tied to constant (io_inputs_1_payload_fragment_source[0]=0).
[EFX-0266 WARNING] Module Instance 'memory_arbiter' input pin tied to constant (io_inputs_1_payload_fragment_context[0]=0).
[EFX-0677 INFO] Zero initialization of uninitialized memory block 'logic_ram'. (/media/manoj/5121/prj/efinity_1_copy/efinity_1/ip/sapphire_soc_no_cache/Ti60F225_devkit/sapphire_soc_no_cache.v:13453)
[EFX-0266 WARNING] Module Instance 'writeCmdInfo_fifo' input pin tied to constant (io_flush=0).
[EFX-0266 WARNING] Module Instance 'readCmdInfo_fifo' input pin tied to constant (io_flush=0).
[EFX-0266 WARNING] Module Instance 'tx' input pin tied to constant (io_cts=0).
[EFX-0677 INFO] Zero initialization of uninitialized memory block 'logic_ram'. (/media/manoj/5121/prj/efinity_1_copy/efinity_1/ip/sapphire_soc_no_cache/Ti60F225_devkit/sapphire_soc_no_cache.v:13167)
[EFX-0266 WARNING] Module Instance 'bridge_write_streamUnbuffered_queueWithOccupancy' input pin tied to constant (io_flush=0).
[EFX-0266 WARNING] Module Instance 'uartCtrl_1_io_read_queueWithOccupancy' input pin tied to constant (io_flush=0).
[EFX-0031 INFO] 'select_90' instance is encountered with don't-care(1'bx) input, rewiring to GND. (/media/manoj/5121/prj/efinity_1_copy/efinity_1/ip/sapphire_soc_no_cache/Ti60F225_devkit/sapphire_soc_no_cache.v:12855)
[EFX-0031 INFO] 'select_131' instance is encountered with don't-care(1'bx) input, rewiring to GND. (/media/manoj/5121/prj/efinity_1_copy/efinity_1/ip/sapphire_soc_no_cache/Ti60F225_devkit/sapphire_soc_no_cache.v:12995)
[EFX-0677 INFO] Zero initialization of uninitialized memory block 'logic_ram'. (/media/manoj/5121/prj/efinity_1_copy/efinity_1/ip/sapphire_soc_no_cache/Ti60F225_devkit/sapphire_soc_no_cache.v:12360)
[EFX-0677 INFO] Zero initialization of uninitialized memory block 'logic_ram'. (/media/manoj/5121/prj/efinity_1_copy/efinity_1/ip/sapphire_soc_no_cache/Ti60F225_devkit/sapphire_soc_no_cache.v:12201)
[EFX-0266 WARNING] Module Instance 'mapping_cmdLogic_streamUnbuffered_queueWithAvailability' input pin tied to constant (io_flush=0).
[EFX-0266 WARNING] Module Instance 'ctrl_io_rsp_queueWithOccupancy' input pin tied to constant (io_flush=0).
[EFX-0266 WARNING] Module Instance 'bufferCC_6' input pin tied to constant (io_dataIn=0).
[EFX-0266 WARNING] Module Instance 'bufferCC_7' input pin tied to constant (io_dataIn=0).
[EFX-0266 WARNING] Module Instance 'bufferCC_8' input pin tied to constant (io_dataIn=0).
[EFX-0031 INFO] 'system_bridge_bmb_arbiter' instance is encountered with don't-care(1'bx) input, rewiring to GND. (/media/manoj/5121/prj/efinity_1_copy/efinity_1/ip/sapphire_soc_no_cache/Ti60F225_devkit/sapphire_soc_no_cache.v:1531)
[EFX-0266 WARNING] Module Instance 'system_bridge_bmb_arbiter' input pin tied to constant (io_inputs_1_cmd_payload_fragment_data[0]=0).
[EFX-0266 WARNING] Module Instance 'system_bridge_bmb_arbiter' input pin tied to constant (io_inputs_1_cmd_payload_fragment_data[1]=0).
[EFX-0266 WARNING] Module Instance 'system_bridge_bmb_arbiter' input pin tied to constant (io_inputs_1_cmd_payload_fragment_data[2]=0).
[EFX-0266 WARNING] Module Instance 'system_bridge_bmb_arbiter' input pin tied to constant (io_inputs_1_cmd_payload_fragment_data[3]=0).
[EFX-0266 WARNING] Module Instance 'system_bridge_bmb_arbiter' input pin tied to constant (io_inputs_1_cmd_payload_fragment_data[4]=0).
[EFX-0266 WARNING] Module Instance 'system_bridge_bmb_arbiter' input pin tied to constant (io_inputs_1_cmd_payload_fragment_data[5]=0).
[EFX-0266 WARNING] Module Instance 'system_bridge_bmb_arbiter' input pin tied to constant (io_inputs_1_cmd_payload_fragment_data[6]=0).
[EFX-0266 WARNING] Module Instance 'system_bridge_bmb_arbiter' input pin tied to constant (io_inputs_1_cmd_payload_fragment_data[7]=0).
[EFX-0266 WARNING] Module Instance 'system_bridge_bmb_arbiter' input pin tied to constant (io_inputs_1_cmd_payload_fragment_data[8]=0).
[EFX-0266 WARNING] Module Instance 'system_bridge_bmb_arbiter' input pin tied to constant (io_inputs_1_cmd_payload_fragment_data[9]=0).
[EFX-0266 WARNING] Module Instance 'system_bridge_bmb_arbiter' input pin tied to constant (io_inputs_1_cmd_payload_fragment_data[10]=0).
[EFX-0266 WARNING] Module Instance 'system_bridge_bmb_arbiter' input pin tied to constant (io_inputs_1_cmd_payload_fragment_data[11]=0).
[EFX-0266 WARNING] Module Instance 'system_bridge_bmb_arbiter' input pin tied to constant (io_inputs_1_cmd_payload_fragment_data[12]=0).
[EFX-0266 WARNING] Module Instance 'system_bridge_bmb_arbiter' input pin tied to constant (io_inputs_1_cmd_payload_fragment_data[13]=0).
[EFX-0266 WARNING] Module Instance 'system_bridge_bmb_arbiter' input pin tied to constant (io_inputs_1_cmd_payload_fragment_data[14]=0).
[EFX-0266 WARNING] Module Instance 'system_bridge_bmb_arbiter' input pin tied to constant (io_inputs_1_cmd_payload_fragment_data[15]=0).
[EFX-0266 WARNING] Module Instance 'system_bridge_bmb_arbiter' input pin tied to constant (io_inputs_1_cmd_payload_fragment_data[16]=0).
[EFX-0266 WARNING] Module Instance 'system_bridge_bmb_arbiter' input pin tied to constant (io_inputs_1_cmd_payload_fragment_data[17]=0).
[EFX-0266 WARNING] Module Instance 'system_bridge_bmb_arbiter' input pin tied to constant (io_inputs_1_cmd_payload_fragment_data[18]=0).
[EFX-0266 WARNING] Module Instance 'system_bridge_bmb_arbiter' input pin tied to constant (io_inputs_1_cmd_payload_fragment_data[19]=0).
[EFX-0266 WARNING] Module Instance 'system_bridge_bmb_arbiter' input pin tied to constant (io_inputs_1_cmd_payload_fragment_data[20]=0).
[EFX-0266 WARNING] Module Instance 'system_bridge_bmb_arbiter' input pin tied to constant (io_inputs_1_cmd_payload_fragment_data[21]=0).
[EFX-0266 WARNING] Module Instance 'system_bridge_bmb_arbiter' input pin tied to constant (io_inputs_1_cmd_payload_fragment_data[22]=0).
[EFX-0266 WARNING] Module Instance 'system_bridge_bmb_arbiter' input pin tied to constant (io_inputs_1_cmd_payload_fragment_data[23]=0).
[EFX-0266 WARNING] Module Instance 'system_bridge_bmb_arbiter' input pin tied to constant (io_inputs_1_cmd_payload_fragment_data[24]=0).
[EFX-0266 WARNING] Module Instance 'system_bridge_bmb_arbiter' input pin tied to constant (io_inputs_1_cmd_payload_fragment_data[25]=0).
[EFX-0266 WARNING] Module Instance 'system_bridge_bmb_arbiter' input pin tied to constant (io_inputs_1_cmd_payload_fragment_data[26]=0).
[EFX-0266 WARNING] Module Instance 'system_bridge_bmb_arbiter' input pin tied to constant (io_inputs_1_cmd_payload_fragment_data[27]=0).
[EFX-0266 WARNING] Module Instance 'system_bridge_bmb_arbiter' input pin tied to constant (io_inputs_1_cmd_payload_fragment_data[28]=0).
[EFX-0266 WARNING] Module Instance 'system_bridge_bmb_arbiter' input pin tied to constant (io_inputs_1_cmd_payload_fragment_data[29]=0).
[EFX-0266 WARNING] Module Instance 'system_bridge_bmb_arbiter' input pin tied to constant (io_inputs_1_cmd_payload_fragment_data[30]=0).
[EFX-0266 WARNING] Module Instance 'system_bridge_bmb_arbiter' input pin tied to constant (io_inputs_1_cmd_payload_fragment_data[31]=0).
[EFX-0266 WARNING] Module Instance 'system_bridge_bmb_arbiter' input pin tied to constant (io_inputs_1_cmd_payload_fragment_mask[0]=0).
[EFX-0266 WARNING] Module Instance 'system_bridge_bmb_arbiter' input pin tied to constant (io_inputs_1_cmd_payload_fragment_mask[1]=0).
[EFX-0266 WARNING] Module Instance 'system_bridge_bmb_arbiter' input pin tied to constant (io_inputs_1_cmd_payload_fragment_mask[2]=0).
[EFX-0266 WARNING] Module Instance 'system_bridge_bmb_arbiter' input pin tied to constant (io_inputs_1_cmd_payload_fragment_mask[3]=0).
[EFX-0031 INFO] 'select_757' instance is encountered with don't-care(1'bx) input, rewiring to GND. (/media/manoj/5121/prj/efinity_1_copy/efinity_1/ip/sapphire_soc_no_cache/Ti60F225_devkit/sapphire_soc_no_cache.v:2906)
[EFX-0201 WARNING] Re-wiring to GND non-driven net 'soc_inst.jtagCtrl_update'. (/media/manoj/5121/prj/efinity_1_copy/efinity_1/ip/sapphire_soc_no_cache/Ti60F225_devkit/top_soc.v:188)
[EFX-0201 WARNING] Re-wiring to GND non-driven net 'soc_inst.jtagCtrl_reset'. (/media/manoj/5121/prj/efinity_1_copy/efinity_1/ip/sapphire_soc_no_cache/Ti60F225_devkit/top_soc.v:188)
[EFX-0201 WARNING] Re-wiring to GND non-driven net 'soc_inst.system_spi_0_io_data_2_read'. (/media/manoj/5121/prj/efinity_1_copy/efinity_1/ip/sapphire_soc_no_cache/Ti60F225_devkit/top_soc.v:188)
[EFX-0201 WARNING] Re-wiring to GND non-driven net 'soc_inst.system_spi_0_io_data_3_read'. (/media/manoj/5121/prj/efinity_1_copy/efinity_1/ip/sapphire_soc_no_cache/Ti60F225_devkit/top_soc.v:188)
[EFX-0201 WARNING] Re-wiring to GND non-driven net 'memoryCheckerPass'. (/media/manoj/5121/prj/efinity_1_copy/efinity_1/ip/sapphire_soc_no_cache/Ti60F225_devkit/top_soc.v:41)
[EFX-0000 INFO] ... Pre-synthesis checks end (Real time : 0s CPU user time : 2s CPU sys time : 0s MEM : 942748KB)
[EFX-0000 INFO] ... NameSpace init begin
[EFX-0000 INFO] ... NameSpace init end (Real time : 0s CPU user time : 2s CPU sys time : 0s MEM : 942748KB)
[EFX-0000 INFO] ... Mapping design "top_soc"
[EFX-0000 INFO] ... Hierarchical pre-synthesis "ext_mem(DATA_WIDTH=10)" begin
[EFX-0000 INFO] ... Hierarchical pre-synthesis "ext_mem(DATA_WIDTH=10)" end (Real time : 0s CPU user time : 2s CPU sys time : 0s MEM : 942748KB)
[EFX-0000 INFO] ... Hierarchical pre-synthesis "axi4_slave" begin
[EFX-0000 INFO] ... Hierarchical pre-synthesis "axi4_slave" end (Real time : 0s CPU user time : 2s CPU sys time : 0s MEM : 942748KB)
[EFX-0000 INFO] ... Hierarchical pre-synthesis "timer_start(MHZ=100,SECOND=10,PULSE=1)" begin
[EFX-0000 INFO] ... Hierarchical pre-synthesis "timer_start(MHZ=100,SECOND=10,PULSE=1)" end (Real time : 0s CPU user time : 2s CPU sys time : 0s MEM : 942748KB)
[EFX-0000 INFO] ... Hierarchical pre-synthesis "apb3_slave" begin
[EFX-0000 INFO] ... Hierarchical pre-synthesis "apb3_slave" end (Real time : 0s CPU user time : 2s CPU sys time : 0s MEM : 942748KB)
[EFX-0000 INFO] ... Hierarchical pre-synthesis "BufferCC_2_405ea46d60e24610b73143074c4bd08b" begin
[EFX-0000 INFO] ... Hierarchical pre-synthesis "BufferCC_2_405ea46d60e24610b73143074c4bd08b" end (Real time : 0s CPU user time : 2s CPU sys time : 0s MEM : 942748KB)
[EFX-0000 INFO] ... Hierarchical pre-synthesis "BufferCC_3_405ea46d60e24610b73143074c4bd08b" begin
[EFX-0000 INFO] ... Hierarchical pre-synthesis "BufferCC_3_405ea46d60e24610b73143074c4bd08b" end (Real time : 0s CPU user time : 2s CPU sys time : 0s MEM : 942748KB)
[EFX-0000 INFO] ... Hierarchical pre-synthesis "StreamFifoLowLatency_405ea46d60e24610b73143074c4bd08b" begin
[EFX-0000 INFO] ... Hierarchical pre-synthesis "StreamFifoLowLatency_405ea46d60e24610b73143074c4bd08b" end (Real time : 0s CPU user time : 2s CPU sys time : 0s MEM : 942748KB)
[EFX-0000 INFO] ... Hierarchical pre-synthesis "VexRiscv_405ea46d60e24610b73143074c4bd08b" begin
[EFX-0000 INFO] ... Hierarchical pre-synthesis "VexRiscv_405ea46d60e24610b73143074c4bd08b" end (Real time : 1s CPU user time : 2s CPU sys time : 0s MEM : 942748KB)
[EFX-0000 INFO] ... Hierarchical pre-synthesis "BufferCC_4_405ea46d60e24610b73143074c4bd08b" begin
[EFX-0000 INFO] ... Hierarchical pre-synthesis "BufferCC_4_405ea46d60e24610b73143074c4bd08b" end (Real time : 0s CPU user time : 2s CPU sys time : 0s MEM : 942748KB)
[EFX-0000 INFO] ... Hierarchical pre-synthesis "BufferCC_1_405ea46d60e24610b73143074c4bd08b" begin
[EFX-0000 INFO] ... Hierarchical pre-synthesis "BufferCC_1_405ea46d60e24610b73143074c4bd08b" end (Real time : 0s CPU user time : 2s CPU sys time : 0s MEM : 942748KB)
[EFX-0000 INFO] ... Hierarchical pre-synthesis "FlowCCByToggle_405ea46d60e24610b73143074c4bd08b" begin
[EFX-0000 INFO] ... Hierarchical pre-synthesis "FlowCCByToggle_405ea46d60e24610b73143074c4bd08b" end (Real time : 0s CPU user time : 2s CPU sys time : 0s MEM : 942748KB)
[EFX-0000 INFO] ... Hierarchical pre-synthesis "JtagBridgeNoTap_405ea46d60e24610b73143074c4bd08b" begin
[EFX-0000 INFO] ... Hierarchical pre-synthesis "JtagBridgeNoTap_405ea46d60e24610b73143074c4bd08b" end (Real time : 0s CPU user time : 2s CPU sys time : 0s MEM : 942748KB)
[EFX-0000 INFO] ... Hierarchical pre-synthesis "SystemDebugger_405ea46d60e24610b73143074c4bd08b" begin
[EFX-0000 INFO] ... Hierarchical pre-synthesis "SystemDebugger_405ea46d60e24610b73143074c4bd08b" end (Real time : 0s CPU user time : 2s CPU sys time : 0s MEM : 942748KB)
[EFX-0000 INFO] ... Hierarchical pre-synthesis "BufferCC_5_405ea46d60e24610b73143074c4bd08b" begin
[EFX-0000 INFO] ... Hierarchical pre-synthesis "BufferCC_5_405ea46d60e24610b73143074c4bd08b" end (Real time : 0s CPU user time : 2s CPU sys time : 0s MEM : 942748KB)
[EFX-0000 INFO] ... Hierarchical pre-synthesis "StreamArbiter_405ea46d60e24610b73143074c4bd08b" begin
[EFX-0000 INFO] ... Hierarchical pre-synthesis "StreamArbiter_405ea46d60e24610b73143074c4bd08b" end (Real time : 0s CPU user time : 2s CPU sys time : 0s MEM : 942748KB)
[EFX-0000 INFO] ... Hierarchical pre-synthesis "BmbArbiter_405ea46d60e24610b73143074c4bd08b" begin
[EFX-0000 INFO] ... Hierarchical pre-synthesis "BmbArbiter_405ea46d60e24610b73143074c4bd08b" end (Real time : 0s CPU user time : 2s CPU sys time : 0s MEM : 942748KB)
[EFX-0000 INFO] ... Hierarchical pre-synthesis "BmbDecoder_405ea46d60e24610b73143074c4bd08b" begin
[EFX-0000 INFO] ... Hierarchical pre-synthesis "BmbDecoder_405ea46d60e24610b73143074c4bd08b" end (Real time : 0s CPU user time : 2s CPU sys time : 0s MEM : 942748KB)
[EFX-0000 INFO] ... Hierarchical pre-synthesis "StreamFifo_405ea46d60e24610b73143074c4bd08b" begin
[EFX-0000 INFO] ... Hierarchical pre-synthesis "StreamFifo_405ea46d60e24610b73143074c4bd08b" end (Real time : 0s CPU user time : 2s CPU sys time : 0s MEM : 942748KB)
[EFX-0000 INFO] ... Hierarchical pre-synthesis "BmbToAxi4SharedBridge_405ea46d60e24610b73143074c4bd08b" begin
[EFX-0000 INFO] ... Hierarchical pre-synthesis "BmbToAxi4SharedBridge_405ea46d60e24610b73143074c4bd08b" end (Real time : 0s CPU user time : 2s CPU sys time : 0s MEM : 942748KB)
[EFX-0000 INFO] ... Hierarchical pre-synthesis "BmbDecoder_1_405ea46d60e24610b73143074c4bd08b" begin
[EFX-0000 INFO] ... Hierarchical pre-synthesis "BmbDecoder_1_405ea46d60e24610b73143074c4bd08b" end (Real time : 0s CPU user time : 2s CPU sys time : 0s MEM : 942748KB)
[EFX-0000 INFO] ... Hierarchical pre-synthesis "BmbDecoder_2_405ea46d60e24610b73143074c4bd08b" begin
[EFX-0000 INFO] ... Hierarchical pre-synthesis "BmbDecoder_2_405ea46d60e24610b73143074c4bd08b" end (Real time : 0s CPU user time : 2s CPU sys time : 0s MEM : 942748KB)
[EFX-0000 INFO] ... Hierarchical pre-synthesis "BmbOnChipRam_405ea46d60e24610b73143074c4bd08b" begin
[EFX-0000 INFO] ... Hierarchical pre-synthesis "BmbOnChipRam_405ea46d60e24610b73143074c4bd08b" end (Real time : 0s CPU user time : 2s CPU sys time : 0s MEM : 942748KB)
[EFX-0000 INFO] ... Hierarchical pre-synthesis "BmbDecoder_3_405ea46d60e24610b73143074c4bd08b" begin
[EFX-0000 INFO] ... Hierarchical pre-synthesis "BmbDecoder_3_405ea46d60e24610b73143074c4bd08b" end (Real time : 0s CPU user time : 2s CPU sys time : 0s MEM : 942748KB)
[EFX-0000 INFO] ... Hierarchical pre-synthesis "BmbClint_405ea46d60e24610b73143074c4bd08b" begin
[EFX-0000 INFO] ... Hierarchical pre-synthesis "BmbClint_405ea46d60e24610b73143074c4bd08b" end (Real time : 0s CPU user time : 2s CPU sys time : 0s MEM : 942748KB)
[EFX-0000 INFO] ... Hierarchical pre-synthesis "UartCtrlTx_405ea46d60e24610b73143074c4bd08b" begin
[EFX-0000 INFO] ... Hierarchical pre-synthesis "UartCtrlTx_405ea46d60e24610b73143074c4bd08b" end (Real time : 0s CPU user time : 2s CPU sys time : 0s MEM : 942748KB)
[EFX-0000 INFO] ... Hierarchical pre-synthesis "BufferCC_405ea46d60e24610b73143074c4bd08b" begin
[EFX-0000 INFO] ... Hierarchical pre-synthesis "BufferCC_405ea46d60e24610b73143074c4bd08b" end (Real time : 0s CPU user time : 2s CPU sys time : 0s MEM : 942748KB)
[EFX-0000 INFO] ... Hierarchical pre-synthesis "UartCtrlRx_405ea46d60e24610b73143074c4bd08b" begin
[EFX-0000 INFO] ... Hierarchical pre-synthesis "UartCtrlRx_405ea46d60e24610b73143074c4bd08b" end (Real time : 0s CPU user time : 2s CPU sys time : 0s MEM : 942748KB)
[EFX-0000 INFO] ... Hierarchical pre-synthesis "UartCtrl_405ea46d60e24610b73143074c4bd08b" begin
[EFX-0000 INFO] ... Hierarchical pre-synthesis "UartCtrl_405ea46d60e24610b73143074c4bd08b" end (Real time : 0s CPU user time : 2s CPU sys time : 0s MEM : 942748KB)
[EFX-0000 INFO] ... Hierarchical pre-synthesis "StreamFifo_2_405ea46d60e24610b73143074c4bd08b" begin
[EFX-0000 INFO] ... Hierarchical pre-synthesis "StreamFifo_2_405ea46d60e24610b73143074c4bd08b" end (Real time : 0s CPU user time : 2s CPU sys time : 0s MEM : 942748KB)
[EFX-0000 INFO] ... Hierarchical pre-synthesis "BmbUartCtrl_405ea46d60e24610b73143074c4bd08b" begin
[EFX-0000 INFO] ... Hierarchical pre-synthesis "BmbUartCtrl_405ea46d60e24610b73143074c4bd08b" end (Real time : 0s CPU user time : 2s CPU sys time : 0s MEM : 942748KB)
[EFX-0000 INFO] ... Hierarchical pre-synthesis "TopLevel_405ea46d60e24610b73143074c4bd08b" begin
[EFX-0000 INFO] ... Hierarchical pre-synthesis "TopLevel_405ea46d60e24610b73143074c4bd08b" end (Real time : 0s CPU user time : 2s CPU sys time : 0s MEM : 942748KB)
[EFX-0000 INFO] ... Hierarchical pre-synthesis "StreamFifo_4_405ea46d60e24610b73143074c4bd08b" begin
[EFX-0000 INFO] ... Hierarchical pre-synthesis "StreamFifo_4_405ea46d60e24610b73143074c4bd08b" end (Real time : 0s CPU user time : 2s CPU sys time : 0s MEM : 942748KB)
[EFX-0000 INFO] ... Hierarchical pre-synthesis "StreamFifo_5_405ea46d60e24610b73143074c4bd08b" begin
[EFX-0000 INFO] ... Hierarchical pre-synthesis "StreamFifo_5_405ea46d60e24610b73143074c4bd08b" end (Real time : 0s CPU user time : 2s CPU sys time : 0s MEM : 942748KB)
[EFX-0000 INFO] ... Hierarchical pre-synthesis "BmbSpiXdrMasterCtrl_405ea46d60e24610b73143074c4bd08b" begin
[EFX-0000 INFO] ... Hierarchical pre-synthesis "BmbSpiXdrMasterCtrl_405ea46d60e24610b73143074c4bd08b" end (Real time : 0s CPU user time : 2s CPU sys time : 0s MEM : 942748KB)
[EFX-0000 INFO] ... Hierarchical pre-synthesis "Prescaler_405ea46d60e24610b73143074c4bd08b" begin
[EFX-0000 INFO] ... Hierarchical pre-synthesis "Prescaler_405ea46d60e24610b73143074c4bd08b" end (Real time : 0s CPU user time : 2s CPU sys time : 0s MEM : 942748KB)
[EFX-0000 INFO] ... Hierarchical pre-synthesis "Timer_405ea46d60e24610b73143074c4bd08b" begin
[EFX-0000 INFO] ... Hierarchical pre-synthesis "Timer_405ea46d60e24610b73143074c4bd08b" end (Real time : 0s CPU user time : 2s CPU sys time : 0s MEM : 942748KB)
[EFX-0000 INFO] ... Hierarchical pre-synthesis "EfxTimerCtrl_405ea46d60e24610b73143074c4bd08b" begin
[EFX-0000 INFO] ... Hierarchical pre-synthesis "EfxTimerCtrl_405ea46d60e24610b73143074c4bd08b" end (Real time : 0s CPU user time : 2s CPU sys time : 0s MEM : 942748KB)
[EFX-0000 INFO] ... Hierarchical pre-synthesis "BmbGpio2_405ea46d60e24610b73143074c4bd08b" begin
[EFX-0000 INFO] ... Hierarchical pre-synthesis "BmbGpio2_405ea46d60e24610b73143074c4bd08b" end (Real time : 0s CPU user time : 2s CPU sys time : 0s MEM : 942748KB)
[EFX-0000 INFO] ... Hierarchical pre-synthesis "BmbToApb3Bridge_405ea46d60e24610b73143074c4bd08b" begin
[EFX-0000 INFO] ... Hierarchical pre-synthesis "BmbToApb3Bridge_405ea46d60e24610b73143074c4bd08b" end (Real time : 0s CPU user time : 2s CPU sys time : 0s MEM : 942748KB)
[EFX-0000 INFO] ... Hierarchical pre-synthesis "EfxSapphireSoc_405ea46d60e24610b73143074c4bd08b" begin
[EFX-0000 INFO] ... Hierarchical pre-synthesis "EfxSapphireSoc_405ea46d60e24610b73143074c4bd08b" end (Real time : 1s CPU user time : 3s CPU sys time : 0s MEM : 942748KB)
[EFX-0000 INFO] ... Hierarchical pre-synthesis "sapphire_soc_no_cache" begin
[EFX-0000 INFO] ... Hierarchical pre-synthesis "sapphire_soc_no_cache" end (Real time : 0s CPU user time : 4s CPU sys time : 0s MEM : 942748KB)
[EFX-0000 INFO] ... Hierarchical pre-synthesis "top_soc" begin
[EFX-0655 WARNING] Mapping into logic memory block 'soc_inst/u_EfxSapphireSoc/system_axiA_logic_bmbToAxiBridge/readCmdInfo_fifo/logic_ram'. (/media/manoj/5121/prj/efinity_1_copy/efinity_1/ip/sapphire_soc_no_cache/Ti60F225_devkit/sapphire_soc_no_cache.v:13453)
[EFX-0655 WARNING] Mapping into logic memory block 'soc_inst/u_EfxSapphireSoc/system_axiA_logic_bmbToAxiBridge/writeCmdInfo_fifo/logic_ram'. (/media/manoj/5121/prj/efinity_1_copy/efinity_1/ip/sapphire_soc_no_cache/Ti60F225_devkit/sapphire_soc_no_cache.v:13453)
[EFX-0000 INFO] ... Clock Enable Synthesis Performed on 393 flops.
[EFX-0000 INFO] ... Hierarchical pre-synthesis "top_soc" end (Real time : 4s CPU user time : 8s CPU sys time : 0s MEM : 942748KB)
[EFX-0000 INFO] ... Flat optimizations begin
[EFX-0000 INFO] ... Flat optimizations end (Real time : 0s CPU user time : 8s CPU sys time : 0s MEM : 942748KB)
[EFX-0000 INFO] ... Flat synthesis begin
[EFX-0000 INFO] ... Flat synthesis end (Real time : 0s CPU user time : 8s CPU sys time : 0s MEM : 942748KB)
[EFX-0000 INFO] ... Flat optimizations begin
[EFX-0000 INFO] ... Flat optimizations end (Real time : 0s CPU user time : 8s CPU sys time : 0s MEM : 942748KB)
[EFX-0000 INFO] ... Check and break combinational loops begin
[EFX-0000 INFO] ... Check and break combinational loops end (Real time : 0s CPU user time : 8s CPU sys time : 0s MEM : 942748KB)
[EFX-0000 INFO] ... SOP modeling begin
[EFX-0000 INFO] ... SOP modeling end (Real time : 0s CPU user time : 8s CPU sys time : 0s MEM : 942748KB)
[EFX-0000 INFO] ... LUT mapping begin
[EFX-0000 INFO] ... LS, strategy: 3, nd: 4524, ed: 14896, lv: 7, pw: 14424.99
[EFX-0000 INFO] ... LUT mapping end (Real time : 14s CPU user time : 21s CPU sys time : 1s MEM : 942748KB)
[EFX-0000 INFO] ... Post-synthesis Verific netlist creation begin
[EFX-0000 INFO] ... Post-synthesis Verific netlist creation end (Real time : 0s CPU user time : 21s CPU sys time : 1s MEM : 942748KB)
[EFX-0000 INFO] ... Post-synthesis Verific netlist unification/params processing begin
[EFX-0000 INFO] ... Post-synthesis Verific netlist unification/params processing end (Real time : 1s CPU user time : 22s CPU sys time : 1s MEM : 942748KB)
[EFX-0000 INFO] Resource Summary 
[EFX-0000 INFO] =============================== 
[EFX-0000 INFO] EFX_ADD         : 	676
[EFX-0000 INFO] EFX_LUT4        : 	4021
[EFX-0000 INFO] EFX_DSP48       : 	4
[EFX-0000 INFO] EFX_FF          : 	3208
[EFX-0000 INFO] EFX_SRL8        : 	3
[EFX-0000 INFO] EFX_RAM10       : 	172
[EFX-0000 INFO] =============================== 

///////////////////////////////////
// Efinity Synthesis Started 
// Mar 07, 2023 02:30:50
///////////////////////////////////

[EFX-0012 VERI-INFO] default VHDL library search path is now "/media/manoj/5121/tool/efinix/efinity/2022.M/sim_models/vhdl/packages/vhdl_2008" (VHDL-1504) 
[EFX-0012 VERI-INFO] analyzing included file '/media/manoj/5121/prj/efinity_1_copy/efinity_1/ip/sapphire_soc_no_cache/Ti60F225_devkit/hbram_top.vh' (VERI-1328) (/media/manoj/5121/prj/efinity_1_copy/efinity_1/ip/sapphire_soc_no_cache/Ti60F225_devkit/top_soc.v:107)
[EFX-0012 VERI-INFO] back to file '/media/manoj/5121/prj/efinity_1_copy/efinity_1/ip/sapphire_soc_no_cache/Ti60F225_devkit/top_soc.v' (VERI-2320) (/media/manoj/5121/prj/efinity_1_copy/efinity_1/ip/sapphire_soc_no_cache/Ti60F225_devkit/top_soc.v:107)
[EFX-0012 VERI-INFO] undeclared symbol '**', assumed default net type '**' (VERI-2561) (/media/manoj/5121/prj/efinity_1_copy/efinity_1/ip/sapphire_soc_no_cache/Ti60F225_devkit/hbram_top.encrypted.v:0)
[EFX-0012 VERI-INFO] undeclared symbol '**', assumed default net type '**' (VERI-2561) (/media/manoj/5121/prj/efinity_1_copy/efinity_1/ip/sapphire_soc_no_cache/Ti60F225_devkit/hbram_top.encrypted.v:0)
[EFX-0011 VERI-WARNING] parameter '**' becomes localparam in '**' with formal parameter declaration list (VERI-1199) (/media/manoj/5121/prj/efinity_1_copy/efinity_1/ip/sapphire_soc_no_cache/Ti60F225_devkit/hbram_top.encrypted.v:0)
[EFX-0012 VERI-INFO] compiling module 'top_soc' (VERI-1018) (/media/manoj/5121/prj/efinity_1_copy/efinity_1/ip/sapphire_soc_no_cache/Ti60F225_devkit/top_soc.v:20)
[EFX-0012 VERI-INFO] compiling module 'axi4_slave' (VERI-1018) (/media/manoj/5121/prj/efinity_1_copy/efinity_1/ip/sapphire_soc_no_cache/Ti60F225_devkit/design_modules.v:207)
[EFX-0011 VERI-WARNING] expression size 10 truncated to fit in target size 8 (VERI-1209) (/media/manoj/5121/prj/efinity_1_copy/efinity_1/ip/sapphire_soc_no_cache/Ti60F225_devkit/design_modules.v:631)
[EFX-0012 VERI-INFO] compiling module 'ext_mem(DATA_WIDTH=10)' (VERI-1018) (/media/manoj/5121/prj/efinity_1_copy/efinity_1/ip/sapphire_soc_no_cache/Ti60F225_devkit/design_modules.v:1067)
[EFX-0012 VERI-INFO] extracting RAM for identifier 'ram' (VERI-2571) (/media/manoj/5121/prj/efinity_1_copy/efinity_1/ip/sapphire_soc_no_cache/Ti60F225_devkit/design_modules.v:1088)
[EFX-0011 VERI-WARNING] expression size 32 truncated to fit in target size 10 (VERI-1209) (/media/manoj/5121/prj/efinity_1_copy/efinity_1/ip/sapphire_soc_no_cache/Ti60F225_devkit/design_modules.v:1105)
[EFX-0011 VERI-WARNING] expression size 10 truncated to fit in target size 8 (VERI-1209) (/media/manoj/5121/prj/efinity_1_copy/efinity_1/ip/sapphire_soc_no_cache/Ti60F225_devkit/design_modules.v:631)
[EFX-0011 VERI-WARNING] expression size 10 truncated to fit in target size 8 (VERI-1209) (/media/manoj/5121/prj/efinity_1_copy/efinity_1/ip/sapphire_soc_no_cache/Ti60F225_devkit/design_modules.v:631)
[EFX-0011 VERI-WARNING] expression size 10 truncated to fit in target size 8 (VERI-1209) (/media/manoj/5121/prj/efinity_1_copy/efinity_1/ip/sapphire_soc_no_cache/Ti60F225_devkit/design_modules.v:631)
[EFX-0012 VERI-INFO] compiling module 'timer_start(MHZ=100,SECOND=10,PULSE=1)' (VERI-1018) (/media/manoj/5121/prj/efinity_1_copy/efinity_1/ip/sapphire_soc_no_cache/Ti60F225_devkit/design_modules.v:998)
[EFX-0012 VERI-INFO] compiling module 'apb3_slave' (VERI-1018) (/media/manoj/5121/prj/efinity_1_copy/efinity_1/ip/sapphire_soc_no_cache/Ti60F225_devkit/design_modules.v:21)
[EFX-0012 VERI-INFO] compiling module 'sapphire_soc_no_cache' (VERI-1018) (/media/manoj/5121/prj/efinity_1_copy/efinity_1/ip/sapphire_soc_no_cache/Ti60F225_devkit/sapphire_soc_no_cache.v:49)
[EFX-0012 VERI-INFO] compiling module 'EfxSapphireSoc_f7e8d09faee74d1abffbda5156fa885b' (VERI-1018) (/media/manoj/5121/prj/efinity_1_copy/efinity_1/ip/sapphire_soc_no_cache/Ti60F225_devkit/sapphire_soc_no_cache.v:220)
[EFX-0012 VERI-INFO] compiling module 'BufferCC_2_f7e8d09faee74d1abffbda5156fa885b' (VERI-1018) (/media/manoj/5121/prj/efinity_1_copy/efinity_1/ip/sapphire_soc_no_cache/Ti60F225_devkit/sapphire_soc_no_cache.v:12064)
[EFX-0012 VERI-INFO] compiling module 'BufferCC_3_f7e8d09faee74d1abffbda5156fa885b' (VERI-1018) (/media/manoj/5121/prj/efinity_1_copy/efinity_1/ip/sapphire_soc_no_cache/Ti60F225_devkit/sapphire_soc_no_cache.v:12040)
[EFX-0012 VERI-INFO] compiling module 'VexRiscv_f7e8d09faee74d1abffbda5156fa885b' (VERI-1018) (/media/manoj/5121/prj/efinity_1_copy/efinity_1/ip/sapphire_soc_no_cache/Ti60F225_devkit/sapphire_soc_no_cache.v:7508)
[EFX-0012 VERI-INFO] extracting RAM for identifier 'RegFilePlugin_regFile' (VERI-2571) (/media/manoj/5121/prj/efinity_1_copy/efinity_1/ip/sapphire_soc_no_cache/Ti60F225_devkit/sapphire_soc_no_cache.v:8650)
[EFX-0012 VERI-INFO] compiling module 'StreamFifoLowLatency_f7e8d09faee74d1abffbda5156fa885b' (VERI-1018) (/media/manoj/5121/prj/efinity_1_copy/efinity_1/ip/sapphire_soc_no_cache/Ti60F225_devkit/sapphire_soc_no_cache.v:13732)
[EFX-0011 VERI-WARNING] net 'IBusSimplePlugin_rspJoin_fetchRsp_isRvc' does not have a driver (VDB-1002) (/media/manoj/5121/prj/efinity_1_copy/efinity_1/ip/sapphire_soc_no_cache/Ti60F225_devkit/sapphire_soc_no_cache.v:8144)
[EFX-0012 VERI-INFO] compiling module 'BufferCC_4_f7e8d09faee74d1abffbda5156fa885b' (VERI-1018) (/media/manoj/5121/prj/efinity_1_copy/efinity_1/ip/sapphire_soc_no_cache/Ti60F225_devkit/sapphire_soc_no_cache.v:7489)
[EFX-0012 VERI-INFO] compiling module 'JtagBridgeNoTap_f7e8d09faee74d1abffbda5156fa885b' (VERI-1018) (/media/manoj/5121/prj/efinity_1_copy/efinity_1/ip/sapphire_soc_no_cache/Ti60F225_devkit/sapphire_soc_no_cache.v:7278)
[EFX-0012 VERI-INFO] compiling module 'FlowCCByToggle_f7e8d09faee74d1abffbda5156fa885b' (VERI-1018) (/media/manoj/5121/prj/efinity_1_copy/efinity_1/ip/sapphire_soc_no_cache/Ti60F225_devkit/sapphire_soc_no_cache.v:13660)
[EFX-0011 VERI-WARNING] system function call 'urandom' is not supported (VERI-1141) (/media/manoj/5121/prj/efinity_1_copy/efinity_1/ip/sapphire_soc_no_cache/Ti60F225_devkit/sapphire_soc_no_cache.v:13693)
[EFX-0011 VERI-WARNING] system function call 'urandom' is not supported (VERI-1141) (/media/manoj/5121/prj/efinity_1_copy/efinity_1/ip/sapphire_soc_no_cache/Ti60F225_devkit/sapphire_soc_no_cache.v:13694)
[EFX-0012 VERI-INFO] compiling module 'BufferCC_1_f7e8d09faee74d1abffbda5156fa885b' (VERI-1018) (/media/manoj/5121/prj/efinity_1_copy/efinity_1/ip/sapphire_soc_no_cache/Ti60F225_devkit/sapphire_soc_no_cache.v:14436)
[EFX-0011 VERI-WARNING] system function call 'urandom' is not supported (VERI-1141) (/media/manoj/5121/prj/efinity_1_copy/efinity_1/ip/sapphire_soc_no_cache/Ti60F225_devkit/sapphire_soc_no_cache.v:14448)
[EFX-0011 VERI-WARNING] system function call 'urandom' is not supported (VERI-1141) (/media/manoj/5121/prj/efinity_1_copy/efinity_1/ip/sapphire_soc_no_cache/Ti60F225_devkit/sapphire_soc_no_cache.v:14449)
[EFX-0012 VERI-INFO] compiling module 'SystemDebugger_f7e8d09faee74d1abffbda5156fa885b' (VERI-1018) (/media/manoj/5121/prj/efinity_1_copy/efinity_1/ip/sapphire_soc_no_cache/Ti60F225_devkit/sapphire_soc_no_cache.v:7191)
[EFX-0012 VERI-INFO] compiling module 'BufferCC_5_f7e8d09faee74d1abffbda5156fa885b' (VERI-1018) (/media/manoj/5121/prj/efinity_1_copy/efinity_1/ip/sapphire_soc_no_cache/Ti60F225_devkit/sapphire_soc_no_cache.v:7167)
[EFX-0012 VERI-INFO] compiling module 'BmbArbiter_f7e8d09faee74d1abffbda5156fa885b' (VERI-1018) (/media/manoj/5121/prj/efinity_1_copy/efinity_1/ip/sapphire_soc_no_cache/Ti60F225_devkit/sapphire_soc_no_cache.v:7031)
[EFX-0012 VERI-INFO] compiling module 'StreamArbiter_f7e8d09faee74d1abffbda5156fa885b' (VERI-1018) (/media/manoj/5121/prj/efinity_1_copy/efinity_1/ip/sapphire_soc_no_cache/Ti60F225_devkit/sapphire_soc_no_cache.v:13563)
[EFX-0012 VERI-INFO] compiling module 'BmbDecoder_f7e8d09faee74d1abffbda5156fa885b' (VERI-1018) (/media/manoj/5121/prj/efinity_1_copy/efinity_1/ip/sapphire_soc_no_cache/Ti60F225_devkit/sapphire_soc_no_cache.v:6991)
[EFX-0012 VERI-INFO] compiling module 'BmbToAxi4SharedBridge_f7e8d09faee74d1abffbda5156fa885b' (VERI-1018) (/media/manoj/5121/prj/efinity_1_copy/efinity_1/ip/sapphire_soc_no_cache/Ti60F225_devkit/sapphire_soc_no_cache.v:6422)
[EFX-0012 VERI-INFO] compiling module 'StreamFifo_f7e8d09faee74d1abffbda5156fa885b' (VERI-1018) (/media/manoj/5121/prj/efinity_1_copy/efinity_1/ip/sapphire_soc_no_cache/Ti60F225_devkit/sapphire_soc_no_cache.v:13405)
[EFX-0012 VERI-INFO] extracting RAM for identifier 'logic_ram' (VERI-2571) (/media/manoj/5121/prj/efinity_1_copy/efinity_1/ip/sapphire_soc_no_cache/Ti60F225_devkit/sapphire_soc_no_cache.v:13453)
[EFX-0012 VERI-INFO] compiling module 'BmbDecoder_1_f7e8d09faee74d1abffbda5156fa885b' (VERI-1018) (/media/manoj/5121/prj/efinity_1_copy/efinity_1/ip/sapphire_soc_no_cache/Ti60F225_devkit/sapphire_soc_no_cache.v:6109)
[EFX-0012 VERI-INFO] compiling module 'BmbDecoder_2_f7e8d09faee74d1abffbda5156fa885b' (VERI-1018) (/media/manoj/5121/prj/efinity_1_copy/efinity_1/ip/sapphire_soc_no_cache/Ti60F225_devkit/sapphire_soc_no_cache.v:5943)
[EFX-0012 VERI-INFO] compiling module 'BmbOnChipRam_f7e8d09faee74d1abffbda5156fa885b' (VERI-1018) (/media/manoj/5121/prj/efinity_1_copy/efinity_1/ip/sapphire_soc_no_cache/Ti60F225_devkit/sapphire_soc_no_cache.v:5836)
[EFX-0012 VERI-INFO] extracting RAM for identifier 'ram_symbol0' (VERI-2571) (/media/manoj/5121/prj/efinity_1_copy/efinity_1/ip/sapphire_soc_no_cache/Ti60F225_devkit/sapphire_soc_no_cache.v:5867)
[EFX-0012 VERI-INFO] extracting RAM for identifier 'ram_symbol1' (VERI-2571) (/media/manoj/5121/prj/efinity_1_copy/efinity_1/ip/sapphire_soc_no_cache/Ti60F225_devkit/sapphire_soc_no_cache.v:5868)
[EFX-0012 VERI-INFO] extracting RAM for identifier 'ram_symbol2' (VERI-2571) (/media/manoj/5121/prj/efinity_1_copy/efinity_1/ip/sapphire_soc_no_cache/Ti60F225_devkit/sapphire_soc_no_cache.v:5869)
[EFX-0012 VERI-INFO] extracting RAM for identifier 'ram_symbol3' (VERI-2571) (/media/manoj/5121/prj/efinity_1_copy/efinity_1/ip/sapphire_soc_no_cache/Ti60F225_devkit/sapphire_soc_no_cache.v:5870)
[EFX-0012 VERI-INFO] compiling module 'BmbDecoder_3_f7e8d09faee74d1abffbda5156fa885b' (VERI-1018) (/media/manoj/5121/prj/efinity_1_copy/efinity_1/ip/sapphire_soc_no_cache/Ti60F225_devkit/sapphire_soc_no_cache.v:5277)
[EFX-0012 VERI-INFO] compiling module 'BmbClint_f7e8d09faee74d1abffbda5156fa885b' (VERI-1018) (/media/manoj/5121/prj/efinity_1_copy/efinity_1/ip/sapphire_soc_no_cache/Ti60F225_devkit/sapphire_soc_no_cache.v:5108)
[EFX-0012 VERI-INFO] compiling module 'BmbUartCtrl_f7e8d09faee74d1abffbda5156fa885b' (VERI-1018) (/media/manoj/5121/prj/efinity_1_copy/efinity_1/ip/sapphire_soc_no_cache/Ti60F225_devkit/sapphire_soc_no_cache.v:4626)
[EFX-0012 VERI-INFO] compiling module 'UartCtrl_f7e8d09faee74d1abffbda5156fa885b' (VERI-1018) (/media/manoj/5121/prj/efinity_1_copy/efinity_1/ip/sapphire_soc_no_cache/Ti60F225_devkit/sapphire_soc_no_cache.v:13274)
[EFX-0012 VERI-INFO] compiling module 'UartCtrlTx_f7e8d09faee74d1abffbda5156fa885b' (VERI-1018) (/media/manoj/5121/prj/efinity_1_copy/efinity_1/ip/sapphire_soc_no_cache/Ti60F225_devkit/sapphire_soc_no_cache.v:14209)
[EFX-0012 VERI-INFO] compiling module 'UartCtrlRx_f7e8d09faee74d1abffbda5156fa885b' (VERI-1018) (/media/manoj/5121/prj/efinity_1_copy/efinity_1/ip/sapphire_soc_no_cache/Ti60F225_devkit/sapphire_soc_no_cache.v:13915)
[EFX-0012 VERI-INFO] compiling module 'BufferCC_f7e8d09faee74d1abffbda5156fa885b' (VERI-1018) (/media/manoj/5121/prj/efinity_1_copy/efinity_1/ip/sapphire_soc_no_cache/Ti60F225_devkit/sapphire_soc_no_cache.v:14462)
[EFX-0012 VERI-INFO] compiling module 'StreamFifo_2_f7e8d09faee74d1abffbda5156fa885b' (VERI-1018) (/media/manoj/5121/prj/efinity_1_copy/efinity_1/ip/sapphire_soc_no_cache/Ti60F225_devkit/sapphire_soc_no_cache.v:13123)
[EFX-0012 VERI-INFO] extracting RAM for identifier 'logic_ram' (VERI-2571) (/media/manoj/5121/prj/efinity_1_copy/efinity_1/ip/sapphire_soc_no_cache/Ti60F225_devkit/sapphire_soc_no_cache.v:13167)
[EFX-0012 VERI-INFO] compiling module 'BmbSpiXdrMasterCtrl_f7e8d09faee74d1abffbda5156fa885b' (VERI-1018) (/media/manoj/5121/prj/efinity_1_copy/efinity_1/ip/sapphire_soc_no_cache/Ti60F225_devkit/sapphire_soc_no_cache.v:4155)
[EFX-0012 VERI-INFO] compiling module 'TopLevel_f7e8d09faee74d1abffbda5156fa885b' (VERI-1018) (/media/manoj/5121/prj/efinity_1_copy/efinity_1/ip/sapphire_soc_no_cache/Ti60F225_devkit/sapphire_soc_no_cache.v:12472)
[EFX-0012 VERI-INFO] compiling module 'StreamFifo_4_f7e8d09faee74d1abffbda5156fa885b' (VERI-1018) (/media/manoj/5121/prj/efinity_1_copy/efinity_1/ip/sapphire_soc_no_cache/Ti60F225_devkit/sapphire_soc_no_cache.v:12308)
[EFX-0012 VERI-INFO] extracting RAM for identifier 'logic_ram' (VERI-2571) (/media/manoj/5121/prj/efinity_1_copy/efinity_1/ip/sapphire_soc_no_cache/Ti60F225_devkit/sapphire_soc_no_cache.v:12360)
[EFX-0012 VERI-INFO] compiling module 'StreamFifo_5_f7e8d09faee74d1abffbda5156fa885b' (VERI-1018) (/media/manoj/5121/prj/efinity_1_copy/efinity_1/ip/sapphire_soc_no_cache/Ti60F225_devkit/sapphire_soc_no_cache.v:12157)
[EFX-0012 VERI-INFO] extracting RAM for identifier 'logic_ram' (VERI-2571) (/media/manoj/5121/prj/efinity_1_copy/efinity_1/ip/sapphire_soc_no_cache/Ti60F225_devkit/sapphire_soc_no_cache.v:12201)
[EFX-0012 VERI-INFO] compiling module 'EfxTimerCtrl_f7e8d09faee74d1abffbda5156fa885b' (VERI-1018) (/media/manoj/5121/prj/efinity_1_copy/efinity_1/ip/sapphire_soc_no_cache/Ti60F225_devkit/sapphire_soc_no_cache.v:3925)
[EFX-0012 VERI-INFO] compiling module 'Prescaler_f7e8d09faee74d1abffbda5156fa885b' (VERI-1018) (/media/manoj/5121/prj/efinity_1_copy/efinity_1/ip/sapphire_soc_no_cache/Ti60F225_devkit/sapphire_soc_no_cache.v:12134)
[EFX-0012 VERI-INFO] compiling module 'Timer_f7e8d09faee74d1abffbda5156fa885b' (VERI-1018) (/media/manoj/5121/prj/efinity_1_copy/efinity_1/ip/sapphire_soc_no_cache/Ti60F225_devkit/sapphire_soc_no_cache.v:12088)
[EFX-0012 VERI-INFO] compiling module 'BmbGpio2_f7e8d09faee74d1abffbda5156fa885b' (VERI-1018) (/media/manoj/5121/prj/efinity_1_copy/efinity_1/ip/sapphire_soc_no_cache/Ti60F225_devkit/sapphire_soc_no_cache.v:3641)
[EFX-0012 VERI-INFO] compiling module 'BmbToApb3Bridge_f7e8d09faee74d1abffbda5156fa885b' (VERI-1018) (/media/manoj/5121/prj/efinity_1_copy/efinity_1/ip/sapphire_soc_no_cache/Ti60F225_devkit/sapphire_soc_no_cache.v:3479)
[EFX-0011 VERI-WARNING] input port 'jtagCtrl_update' remains unconnected for this instance (VDB-1053) (/media/manoj/5121/prj/efinity_1_copy/efinity_1/ip/sapphire_soc_no_cache/Ti60F225_devkit/top_soc.v:188)
[EFX-0256 WARNING] The primary output port 'memoryCheckerPass' wire 'memoryCheckerPass' is not driven.
[EFX-0000 INFO] Setting Synthesis Option: mode=speed
[EFX-0012 VERI-INFO] compiling module 'EFX_ADD' (VERI-1018) (/media/manoj/5121/tool/efinix/efinity/2022.M/sim_models/maplib/efinix_maplib.v:6)
[EFX-0012 VERI-INFO] compiling module 'EFX_FF' (VERI-1018) (/media/manoj/5121/tool/efinix/efinity/2022.M/sim_models/maplib/efinix_maplib.v:19)
[EFX-0012 VERI-INFO] compiling module 'EFX_COMB4' (VERI-1018) (/media/manoj/5121/tool/efinix/efinity/2022.M/sim_models/maplib/efinix_maplib.v:36)
[EFX-0012 VERI-INFO] compiling module 'EFX_GBUFCE' (VERI-1018) (/media/manoj/5121/tool/efinix/efinity/2022.M/sim_models/maplib/efinix_maplib.v:46)
[EFX-0012 VERI-INFO] compiling module 'EFX_IDDR' (VERI-1018) (/media/manoj/5121/tool/efinix/efinity/2022.M/sim_models/maplib/efinix_maplib.v:55)
[EFX-0012 VERI-INFO] compiling module 'EFX_ODDR' (VERI-1018) (/media/manoj/5121/tool/efinix/efinity/2022.M/sim_models/maplib/efinix_maplib.v:69)
[EFX-0012 VERI-INFO] compiling module 'EFX_IOBUF' (VERI-1018) (/media/manoj/5121/tool/efinix/efinity/2022.M/sim_models/maplib/efinix_maplib.v:85)
[EFX-0012 VERI-INFO] compiling module 'EFX_LUT4' (VERI-1018) (/media/manoj/5121/tool/efinix/efinity/2022.M/sim_models/maplib/efinix_maplib.v:97)
[EFX-0012 VERI-INFO] compiling module 'EFX_MULT' (VERI-1018) (/media/manoj/5121/tool/efinix/efinity/2022.M/sim_models/maplib/efinix_maplib.v:105)
[EFX-0012 VERI-INFO] compiling module 'EFX_DSP48' (VERI-1018) (/media/manoj/5121/tool/efinix/efinity/2022.M/sim_models/maplib/efinix_maplib.v:140)
[EFX-0012 VERI-INFO] compiling module 'EFX_DSP24' (VERI-1018) (/media/manoj/5121/tool/efinix/efinity/2022.M/sim_models/maplib/efinix_maplib.v:196)
[EFX-0012 VERI-INFO] compiling module 'EFX_DSP12' (VERI-1018) (/media/manoj/5121/tool/efinix/efinity/2022.M/sim_models/maplib/efinix_maplib.v:249)
[EFX-0012 VERI-INFO] compiling module 'EFX_RAM_4K' (VERI-1018) (/media/manoj/5121/tool/efinix/efinity/2022.M/sim_models/maplib/efinix_maplib.v:302)
[EFX-0012 VERI-INFO] compiling module 'EFX_RAM_5K' (VERI-1018) (/media/manoj/5121/tool/efinix/efinity/2022.M/sim_models/maplib/efinix_maplib.v:362)
[EFX-0012 VERI-INFO] compiling module 'EFX_DPRAM_5K' (VERI-1018) (/media/manoj/5121/tool/efinix/efinity/2022.M/sim_models/maplib/efinix_maplib.v:434)
[EFX-0012 VERI-INFO] compiling module 'RAMB5' (VERI-1018) (/media/manoj/5121/tool/efinix/efinity/2022.M/sim_models/maplib/efinix_maplib.v:539)
[EFX-0012 VERI-INFO] compiling module 'EFX_RAM_10K' (VERI-1018) (/media/manoj/5121/tool/efinix/efinity/2022.M/sim_models/maplib/efinix_maplib.v:601)
[EFX-0012 VERI-INFO] compiling module 'EFX_RAM10' (VERI-1018) (/media/manoj/5121/tool/efinix/efinity/2022.M/sim_models/maplib/efinix_maplib.v:693)
[EFX-0012 VERI-INFO] compiling module 'EFX_DPRAM10' (VERI-1018) (/media/manoj/5121/tool/efinix/efinity/2022.M/sim_models/maplib/efinix_maplib.v:794)
[EFX-0012 VERI-INFO] compiling module 'EFX_SRL8' (VERI-1018) (/media/manoj/5121/tool/efinix/efinity/2022.M/sim_models/maplib/efinix_maplib.v:924)
[EFX-0000 INFO] ... Pre-synthesis checks begin
[EFX-0256 WARNING] The primary output port 'memoryCheckerPass' wire 'memoryCheckerPass' is not driven.
[EFX-0677 INFO] Zero initialization of uninitialized memory block 'ram'. (/media/manoj/5121/prj/efinity_1_copy/efinity_1/ip/sapphire_soc_no_cache/Ti60F225_devkit/design_modules.v:1088)
[EFX-0200 WARNING] Removing redundant signal : araddr_wrap[31]. (/media/manoj/5121/prj/efinity_1_copy/efinity_1/ip/sapphire_soc_no_cache/Ti60F225_devkit/design_modules.v:310)
[EFX-0200 WARNING] Removing redundant signal : araddr_wrap[30]. (/media/manoj/5121/prj/efinity_1_copy/efinity_1/ip/sapphire_soc_no_cache/Ti60F225_devkit/design_modules.v:310)
[EFX-0200 WARNING] Removing redundant signal : araddr_wrap[29]. (/media/manoj/5121/prj/efinity_1_copy/efinity_1/ip/sapphire_soc_no_cache/Ti60F225_devkit/design_modules.v:310)
[EFX-0200 WARNING] Removing redundant signal : araddr_wrap[28]. (/media/manoj/5121/prj/efinity_1_copy/efinity_1/ip/sapphire_soc_no_cache/Ti60F225_devkit/design_modules.v:310)
[EFX-0200 WARNING] Removing redundant signal : araddr_wrap[27]. (/media/manoj/5121/prj/efinity_1_copy/efinity_1/ip/sapphire_soc_no_cache/Ti60F225_devkit/design_modules.v:310)
[EFX-0200 WARNING] Removing redundant signal : araddr_wrap[26]. (/media/manoj/5121/prj/efinity_1_copy/efinity_1/ip/sapphire_soc_no_cache/Ti60F225_devkit/design_modules.v:310)
[EFX-0200 WARNING] Removing redundant signal : araddr_wrap[25]. (/media/manoj/5121/prj/efinity_1_copy/efinity_1/ip/sapphire_soc_no_cache/Ti60F225_devkit/design_modules.v:310)
[EFX-0200 WARNING] Removing redundant signal : araddr_wrap[24]. (/media/manoj/5121/prj/efinity_1_copy/efinity_1/ip/sapphire_soc_no_cache/Ti60F225_devkit/design_modules.v:310)
[EFX-0200 WARNING] Removing redundant signal : araddr_wrap[23]. (/media/manoj/5121/prj/efinity_1_copy/efinity_1/ip/sapphire_soc_no_cache/Ti60F225_devkit/design_modules.v:310)
[EFX-0200 WARNING] Removing redundant signal : araddr_wrap[22]. (/media/manoj/5121/prj/efinity_1_copy/efinity_1/ip/sapphire_soc_no_cache/Ti60F225_devkit/design_modules.v:310)
[EFX-0200 WARNING] Removing redundant signal : araddr_wrap[21]. (/media/manoj/5121/prj/efinity_1_copy/efinity_1/ip/sapphire_soc_no_cache/Ti60F225_devkit/design_modules.v:310)
[EFX-0200 WARNING] Removing redundant signal : araddr_wrap[20]. (/media/manoj/5121/prj/efinity_1_copy/efinity_1/ip/sapphire_soc_no_cache/Ti60F225_devkit/design_modules.v:310)
[EFX-0200 WARNING] Removing redundant signal : araddr_wrap[19]. (/media/manoj/5121/prj/efinity_1_copy/efinity_1/ip/sapphire_soc_no_cache/Ti60F225_devkit/design_modules.v:310)
[EFX-0200 WARNING] Removing redundant signal : araddr_wrap[18]. (/media/manoj/5121/prj/efinity_1_copy/efinity_1/ip/sapphire_soc_no_cache/Ti60F225_devkit/design_modules.v:310)
[EFX-0200 WARNING] Removing redundant signal : araddr_wrap[17]. (/media/manoj/5121/prj/efinity_1_copy/efinity_1/ip/sapphire_soc_no_cache/Ti60F225_devkit/design_modules.v:310)
[EFX-0200 WARNING] Removing redundant signal : araddr_wrap[16]. (/media/manoj/5121/prj/efinity_1_copy/efinity_1/ip/sapphire_soc_no_cache/Ti60F225_devkit/design_modules.v:310)
[EFX-0200 WARNING] Removing redundant signal : araddr_wrap[15]. (/media/manoj/5121/prj/efinity_1_copy/efinity_1/ip/sapphire_soc_no_cache/Ti60F225_devkit/design_modules.v:310)
[EFX-0200 WARNING] Removing redundant signal : araddr_wrap[14]. (/media/manoj/5121/prj/efinity_1_copy/efinity_1/ip/sapphire_soc_no_cache/Ti60F225_devkit/design_modules.v:310)
[EFX-0200 WARNING] Removing redundant signal : araddr_wrap[13]. (/media/manoj/5121/prj/efinity_1_copy/efinity_1/ip/sapphire_soc_no_cache/Ti60F225_devkit/design_modules.v:310)
[EFX-0200 WARNING] Removing redundant signal : araddr_wrap[12]. (/media/manoj/5121/prj/efinity_1_copy/efinity_1/ip/sapphire_soc_no_cache/Ti60F225_devkit/design_modules.v:310)
[EFX-0266 WARNING] Module Instance 'IBusSimplePlugin_rspJoin_rspBuffer_c' input pin tied to constant (io_flush=0).
[EFX-0031 INFO] 'select_1195' instance is encountered with don't-care(1'bx) input, rewiring to GND. (/media/manoj/5121/prj/efinity_1_copy/efinity_1/ip/sapphire_soc_no_cache/Ti60F225_devkit/sapphire_soc_no_cache.v:10810)
[EFX-0031 INFO] 'select_1198' instance is encountered with don't-care(1'bx) input, rewiring to GND. (/media/manoj/5121/prj/efinity_1_copy/efinity_1/ip/sapphire_soc_no_cache/Ti60F225_devkit/sapphire_soc_no_cache.v:10821)
[EFX-0201 WARNING] Re-wiring to GND non-driven net 'IBusSimplePlugin_rspJoin_fetchRsp_isRvc'. (/media/manoj/5121/prj/efinity_1_copy/efinity_1/ip/sapphire_soc_no_cache/Ti60F225_devkit/sapphire_soc_no_cache.v:8144)
[EFX-0677 INFO] Zero initialization of uninitialized memory block 'RegFilePlugin_regFile'. (/media/manoj/5121/prj/efinity_1_copy/efinity_1/ip/sapphire_soc_no_cache/Ti60F225_devkit/sapphire_soc_no_cache.v:8650)
[EFX-0266 WARNING] Module Instance 'memory_arbiter' input pin tied to constant (io_inputs_0_payload_fragment_source[0]=0).
[EFX-0266 WARNING] Module Instance 'memory_arbiter' input pin tied to constant (io_inputs_1_payload_fragment_source[0]=0).
[EFX-0266 WARNING] Module Instance 'memory_arbiter' input pin tied to constant (io_inputs_1_payload_fragment_context[0]=0).
[EFX-0677 INFO] Zero initialization of uninitialized memory block 'logic_ram'. (/media/manoj/5121/prj/efinity_1_copy/efinity_1/ip/sapphire_soc_no_cache/Ti60F225_devkit/sapphire_soc_no_cache.v:13453)
[EFX-0266 WARNING] Module Instance 'writeCmdInfo_fifo' input pin tied to constant (io_flush=0).
[EFX-0266 WARNING] Module Instance 'readCmdInfo_fifo' input pin tied to constant (io_flush=0).
[EFX-0266 WARNING] Module Instance 'tx' input pin tied to constant (io_cts=0).
[EFX-0677 INFO] Zero initialization of uninitialized memory block 'logic_ram'. (/media/manoj/5121/prj/efinity_1_copy/efinity_1/ip/sapphire_soc_no_cache/Ti60F225_devkit/sapphire_soc_no_cache.v:13167)
[EFX-0266 WARNING] Module Instance 'bridge_write_streamUnbuffered_queueWithOccupancy' input pin tied to constant (io_flush=0).
[EFX-0266 WARNING] Module Instance 'uartCtrl_1_io_read_queueWithOccupancy' input pin tied to constant (io_flush=0).
[EFX-0031 INFO] 'select_90' instance is encountered with don't-care(1'bx) input, rewiring to GND. (/media/manoj/5121/prj/efinity_1_copy/efinity_1/ip/sapphire_soc_no_cache/Ti60F225_devkit/sapphire_soc_no_cache.v:12855)
[EFX-0031 INFO] 'select_131' instance is encountered with don't-care(1'bx) input, rewiring to GND. (/media/manoj/5121/prj/efinity_1_copy/efinity_1/ip/sapphire_soc_no_cache/Ti60F225_devkit/sapphire_soc_no_cache.v:12995)
[EFX-0677 INFO] Zero initialization of uninitialized memory block 'logic_ram'. (/media/manoj/5121/prj/efinity_1_copy/efinity_1/ip/sapphire_soc_no_cache/Ti60F225_devkit/sapphire_soc_no_cache.v:12360)
[EFX-0677 INFO] Zero initialization of uninitialized memory block 'logic_ram'. (/media/manoj/5121/prj/efinity_1_copy/efinity_1/ip/sapphire_soc_no_cache/Ti60F225_devkit/sapphire_soc_no_cache.v:12201)
[EFX-0266 WARNING] Module Instance 'mapping_cmdLogic_streamUnbuffered_queueWithAvailability' input pin tied to constant (io_flush=0).
[EFX-0266 WARNING] Module Instance 'ctrl_io_rsp_queueWithOccupancy' input pin tied to constant (io_flush=0).
[EFX-0266 WARNING] Module Instance 'bufferCC_6' input pin tied to constant (io_dataIn=0).
[EFX-0266 WARNING] Module Instance 'bufferCC_7' input pin tied to constant (io_dataIn=0).
[EFX-0266 WARNING] Module Instance 'bufferCC_8' input pin tied to constant (io_dataIn=0).
[EFX-0031 INFO] 'system_bridge_bmb_arbiter' instance is encountered with don't-care(1'bx) input, rewiring to GND. (/media/manoj/5121/prj/efinity_1_copy/efinity_1/ip/sapphire_soc_no_cache/Ti60F225_devkit/sapphire_soc_no_cache.v:1531)
[EFX-0266 WARNING] Module Instance 'system_bridge_bmb_arbiter' input pin tied to constant (io_inputs_1_cmd_payload_fragment_data[0]=0).
[EFX-0266 WARNING] Module Instance 'system_bridge_bmb_arbiter' input pin tied to constant (io_inputs_1_cmd_payload_fragment_data[1]=0).
[EFX-0266 WARNING] Module Instance 'system_bridge_bmb_arbiter' input pin tied to constant (io_inputs_1_cmd_payload_fragment_data[2]=0).
[EFX-0266 WARNING] Module Instance 'system_bridge_bmb_arbiter' input pin tied to constant (io_inputs_1_cmd_payload_fragment_data[3]=0).
[EFX-0266 WARNING] Module Instance 'system_bridge_bmb_arbiter' input pin tied to constant (io_inputs_1_cmd_payload_fragment_data[4]=0).
[EFX-0266 WARNING] Module Instance 'system_bridge_bmb_arbiter' input pin tied to constant (io_inputs_1_cmd_payload_fragment_data[5]=0).
[EFX-0266 WARNING] Module Instance 'system_bridge_bmb_arbiter' input pin tied to constant (io_inputs_1_cmd_payload_fragment_data[6]=0).
[EFX-0266 WARNING] Module Instance 'system_bridge_bmb_arbiter' input pin tied to constant (io_inputs_1_cmd_payload_fragment_data[7]=0).
[EFX-0266 WARNING] Module Instance 'system_bridge_bmb_arbiter' input pin tied to constant (io_inputs_1_cmd_payload_fragment_data[8]=0).
[EFX-0266 WARNING] Module Instance 'system_bridge_bmb_arbiter' input pin tied to constant (io_inputs_1_cmd_payload_fragment_data[9]=0).
[EFX-0266 WARNING] Module Instance 'system_bridge_bmb_arbiter' input pin tied to constant (io_inputs_1_cmd_payload_fragment_data[10]=0).
[EFX-0266 WARNING] Module Instance 'system_bridge_bmb_arbiter' input pin tied to constant (io_inputs_1_cmd_payload_fragment_data[11]=0).
[EFX-0266 WARNING] Module Instance 'system_bridge_bmb_arbiter' input pin tied to constant (io_inputs_1_cmd_payload_fragment_data[12]=0).
[EFX-0266 WARNING] Module Instance 'system_bridge_bmb_arbiter' input pin tied to constant (io_inputs_1_cmd_payload_fragment_data[13]=0).
[EFX-0266 WARNING] Module Instance 'system_bridge_bmb_arbiter' input pin tied to constant (io_inputs_1_cmd_payload_fragment_data[14]=0).
[EFX-0266 WARNING] Module Instance 'system_bridge_bmb_arbiter' input pin tied to constant (io_inputs_1_cmd_payload_fragment_data[15]=0).
[EFX-0266 WARNING] Module Instance 'system_bridge_bmb_arbiter' input pin tied to constant (io_inputs_1_cmd_payload_fragment_data[16]=0).
[EFX-0266 WARNING] Module Instance 'system_bridge_bmb_arbiter' input pin tied to constant (io_inputs_1_cmd_payload_fragment_data[17]=0).
[EFX-0266 WARNING] Module Instance 'system_bridge_bmb_arbiter' input pin tied to constant (io_inputs_1_cmd_payload_fragment_data[18]=0).
[EFX-0266 WARNING] Module Instance 'system_bridge_bmb_arbiter' input pin tied to constant (io_inputs_1_cmd_payload_fragment_data[19]=0).
[EFX-0266 WARNING] Module Instance 'system_bridge_bmb_arbiter' input pin tied to constant (io_inputs_1_cmd_payload_fragment_data[20]=0).
[EFX-0266 WARNING] Module Instance 'system_bridge_bmb_arbiter' input pin tied to constant (io_inputs_1_cmd_payload_fragment_data[21]=0).
[EFX-0266 WARNING] Module Instance 'system_bridge_bmb_arbiter' input pin tied to constant (io_inputs_1_cmd_payload_fragment_data[22]=0).
[EFX-0266 WARNING] Module Instance 'system_bridge_bmb_arbiter' input pin tied to constant (io_inputs_1_cmd_payload_fragment_data[23]=0).
[EFX-0266 WARNING] Module Instance 'system_bridge_bmb_arbiter' input pin tied to constant (io_inputs_1_cmd_payload_fragment_data[24]=0).
[EFX-0266 WARNING] Module Instance 'system_bridge_bmb_arbiter' input pin tied to constant (io_inputs_1_cmd_payload_fragment_data[25]=0).
[EFX-0266 WARNING] Module Instance 'system_bridge_bmb_arbiter' input pin tied to constant (io_inputs_1_cmd_payload_fragment_data[26]=0).
[EFX-0266 WARNING] Module Instance 'system_bridge_bmb_arbiter' input pin tied to constant (io_inputs_1_cmd_payload_fragment_data[27]=0).
[EFX-0266 WARNING] Module Instance 'system_bridge_bmb_arbiter' input pin tied to constant (io_inputs_1_cmd_payload_fragment_data[28]=0).
[EFX-0266 WARNING] Module Instance 'system_bridge_bmb_arbiter' input pin tied to constant (io_inputs_1_cmd_payload_fragment_data[29]=0).
[EFX-0266 WARNING] Module Instance 'system_bridge_bmb_arbiter' input pin tied to constant (io_inputs_1_cmd_payload_fragment_data[30]=0).
[EFX-0266 WARNING] Module Instance 'system_bridge_bmb_arbiter' input pin tied to constant (io_inputs_1_cmd_payload_fragment_data[31]=0).
[EFX-0266 WARNING] Module Instance 'system_bridge_bmb_arbiter' input pin tied to constant (io_inputs_1_cmd_payload_fragment_mask[0]=0).
[EFX-0266 WARNING] Module Instance 'system_bridge_bmb_arbiter' input pin tied to constant (io_inputs_1_cmd_payload_fragment_mask[1]=0).
[EFX-0266 WARNING] Module Instance 'system_bridge_bmb_arbiter' input pin tied to constant (io_inputs_1_cmd_payload_fragment_mask[2]=0).
[EFX-0266 WARNING] Module Instance 'system_bridge_bmb_arbiter' input pin tied to constant (io_inputs_1_cmd_payload_fragment_mask[3]=0).
[EFX-0031 INFO] 'select_757' instance is encountered with don't-care(1'bx) input, rewiring to GND. (/media/manoj/5121/prj/efinity_1_copy/efinity_1/ip/sapphire_soc_no_cache/Ti60F225_devkit/sapphire_soc_no_cache.v:2906)
[EFX-0201 WARNING] Re-wiring to GND non-driven net 'soc_inst.jtagCtrl_update'. (/media/manoj/5121/prj/efinity_1_copy/efinity_1/ip/sapphire_soc_no_cache/Ti60F225_devkit/top_soc.v:188)
[EFX-0201 WARNING] Re-wiring to GND non-driven net 'soc_inst.jtagCtrl_reset'. (/media/manoj/5121/prj/efinity_1_copy/efinity_1/ip/sapphire_soc_no_cache/Ti60F225_devkit/top_soc.v:188)
[EFX-0201 WARNING] Re-wiring to GND non-driven net 'soc_inst.system_spi_0_io_data_2_read'. (/media/manoj/5121/prj/efinity_1_copy/efinity_1/ip/sapphire_soc_no_cache/Ti60F225_devkit/top_soc.v:188)
[EFX-0201 WARNING] Re-wiring to GND non-driven net 'soc_inst.system_spi_0_io_data_3_read'. (/media/manoj/5121/prj/efinity_1_copy/efinity_1/ip/sapphire_soc_no_cache/Ti60F225_devkit/top_soc.v:188)
[EFX-0201 WARNING] Re-wiring to GND non-driven net 'memoryCheckerPass'. (/media/manoj/5121/prj/efinity_1_copy/efinity_1/ip/sapphire_soc_no_cache/Ti60F225_devkit/top_soc.v:41)
[EFX-0000 INFO] ... Pre-synthesis checks end (Real time : 0s CPU user time : 2s CPU sys time : 0s MEM : 1885280KB)
[EFX-0000 INFO] ... NameSpace init begin
[EFX-0000 INFO] ... NameSpace init end (Real time : 0s CPU user time : 2s CPU sys time : 0s MEM : 1885280KB)
[EFX-0000 INFO] ... Mapping design "top_soc"
[EFX-0000 INFO] ... Hierarchical pre-synthesis "ext_mem(DATA_WIDTH=10)" begin
[EFX-0000 INFO] ... Hierarchical pre-synthesis "ext_mem(DATA_WIDTH=10)" end (Real time : 0s CPU user time : 2s CPU sys time : 0s MEM : 1885280KB)
[EFX-0000 INFO] ... Hierarchical pre-synthesis "axi4_slave" begin
[EFX-0000 INFO] ... Hierarchical pre-synthesis "axi4_slave" end (Real time : 1s CPU user time : 2s CPU sys time : 0s MEM : 1885280KB)
[EFX-0000 INFO] ... Hierarchical pre-synthesis "timer_start(MHZ=100,SECOND=10,PULSE=1)" begin
[EFX-0000 INFO] ... Hierarchical pre-synthesis "timer_start(MHZ=100,SECOND=10,PULSE=1)" end (Real time : 0s CPU user time : 2s CPU sys time : 0s MEM : 1885280KB)
[EFX-0000 INFO] ... Hierarchical pre-synthesis "apb3_slave" begin
[EFX-0000 INFO] ... Hierarchical pre-synthesis "apb3_slave" end (Real time : 0s CPU user time : 2s CPU sys time : 0s MEM : 1885280KB)
[EFX-0000 INFO] ... Hierarchical pre-synthesis "BufferCC_2_f7e8d09faee74d1abffbda5156fa885b" begin
[EFX-0000 INFO] ... Hierarchical pre-synthesis "BufferCC_2_f7e8d09faee74d1abffbda5156fa885b" end (Real time : 0s CPU user time : 2s CPU sys time : 0s MEM : 1885280KB)
[EFX-0000 INFO] ... Hierarchical pre-synthesis "BufferCC_3_f7e8d09faee74d1abffbda5156fa885b" begin
[EFX-0000 INFO] ... Hierarchical pre-synthesis "BufferCC_3_f7e8d09faee74d1abffbda5156fa885b" end (Real time : 0s CPU user time : 2s CPU sys time : 0s MEM : 1885280KB)
[EFX-0000 INFO] ... Hierarchical pre-synthesis "StreamFifoLowLatency_f7e8d09faee74d1abffbda5156fa885b" begin
[EFX-0000 INFO] ... Hierarchical pre-synthesis "StreamFifoLowLatency_f7e8d09faee74d1abffbda5156fa885b" end (Real time : 0s CPU user time : 2s CPU sys time : 0s MEM : 1885280KB)
[EFX-0000 INFO] ... Hierarchical pre-synthesis "VexRiscv_f7e8d09faee74d1abffbda5156fa885b" begin
[EFX-0000 INFO] ... Hierarchical pre-synthesis "VexRiscv_f7e8d09faee74d1abffbda5156fa885b" end (Real time : 0s CPU user time : 2s CPU sys time : 0s MEM : 1885280KB)
[EFX-0000 INFO] ... Hierarchical pre-synthesis "BufferCC_4_f7e8d09faee74d1abffbda5156fa885b" begin
[EFX-0000 INFO] ... Hierarchical pre-synthesis "BufferCC_4_f7e8d09faee74d1abffbda5156fa885b" end (Real time : 0s CPU user time : 2s CPU sys time : 0s MEM : 1885280KB)
[EFX-0000 INFO] ... Hierarchical pre-synthesis "BufferCC_1_f7e8d09faee74d1abffbda5156fa885b" begin
[EFX-0000 INFO] ... Hierarchical pre-synthesis "BufferCC_1_f7e8d09faee74d1abffbda5156fa885b" end (Real time : 0s CPU user time : 2s CPU sys time : 0s MEM : 1885280KB)
[EFX-0000 INFO] ... Hierarchical pre-synthesis "FlowCCByToggle_f7e8d09faee74d1abffbda5156fa885b" begin
[EFX-0000 INFO] ... Hierarchical pre-synthesis "FlowCCByToggle_f7e8d09faee74d1abffbda5156fa885b" end (Real time : 0s CPU user time : 2s CPU sys time : 0s MEM : 1885280KB)
[EFX-0000 INFO] ... Hierarchical pre-synthesis "JtagBridgeNoTap_f7e8d09faee74d1abffbda5156fa885b" begin
[EFX-0000 INFO] ... Hierarchical pre-synthesis "JtagBridgeNoTap_f7e8d09faee74d1abffbda5156fa885b" end (Real time : 0s CPU user time : 2s CPU sys time : 0s MEM : 1885280KB)
[EFX-0000 INFO] ... Hierarchical pre-synthesis "SystemDebugger_f7e8d09faee74d1abffbda5156fa885b" begin
[EFX-0000 INFO] ... Hierarchical pre-synthesis "SystemDebugger_f7e8d09faee74d1abffbda5156fa885b" end (Real time : 0s CPU user time : 2s CPU sys time : 0s MEM : 1885280KB)
[EFX-0000 INFO] ... Hierarchical pre-synthesis "BufferCC_5_f7e8d09faee74d1abffbda5156fa885b" begin
[EFX-0000 INFO] ... Hierarchical pre-synthesis "BufferCC_5_f7e8d09faee74d1abffbda5156fa885b" end (Real time : 0s CPU user time : 2s CPU sys time : 0s MEM : 1885280KB)
[EFX-0000 INFO] ... Hierarchical pre-synthesis "StreamArbiter_f7e8d09faee74d1abffbda5156fa885b" begin
[EFX-0000 INFO] ... Hierarchical pre-synthesis "StreamArbiter_f7e8d09faee74d1abffbda5156fa885b" end (Real time : 0s CPU user time : 2s CPU sys time : 0s MEM : 1885280KB)
[EFX-0000 INFO] ... Hierarchical pre-synthesis "BmbArbiter_f7e8d09faee74d1abffbda5156fa885b" begin
[EFX-0000 INFO] ... Hierarchical pre-synthesis "BmbArbiter_f7e8d09faee74d1abffbda5156fa885b" end (Real time : 0s CPU user time : 2s CPU sys time : 0s MEM : 1885280KB)
[EFX-0000 INFO] ... Hierarchical pre-synthesis "BmbDecoder_f7e8d09faee74d1abffbda5156fa885b" begin
[EFX-0000 INFO] ... Hierarchical pre-synthesis "BmbDecoder_f7e8d09faee74d1abffbda5156fa885b" end (Real time : 0s CPU user time : 2s CPU sys time : 0s MEM : 1885280KB)
[EFX-0000 INFO] ... Hierarchical pre-synthesis "StreamFifo_f7e8d09faee74d1abffbda5156fa885b" begin
[EFX-0000 INFO] ... Hierarchical pre-synthesis "StreamFifo_f7e8d09faee74d1abffbda5156fa885b" end (Real time : 0s CPU user time : 2s CPU sys time : 0s MEM : 1885280KB)
[EFX-0000 INFO] ... Hierarchical pre-synthesis "BmbToAxi4SharedBridge_f7e8d09faee74d1abffbda5156fa885b" begin
[EFX-0000 INFO] ... Hierarchical pre-synthesis "BmbToAxi4SharedBridge_f7e8d09faee74d1abffbda5156fa885b" end (Real time : 0s CPU user time : 2s CPU sys time : 0s MEM : 1885280KB)
[EFX-0000 INFO] ... Hierarchical pre-synthesis "BmbDecoder_1_f7e8d09faee74d1abffbda5156fa885b" begin
[EFX-0000 INFO] ... Hierarchical pre-synthesis "BmbDecoder_1_f7e8d09faee74d1abffbda5156fa885b" end (Real time : 0s CPU user time : 2s CPU sys time : 0s MEM : 1885280KB)
[EFX-0000 INFO] ... Hierarchical pre-synthesis "BmbDecoder_2_f7e8d09faee74d1abffbda5156fa885b" begin
[EFX-0000 INFO] ... Hierarchical pre-synthesis "BmbDecoder_2_f7e8d09faee74d1abffbda5156fa885b" end (Real time : 0s CPU user time : 2s CPU sys time : 0s MEM : 1885280KB)
[EFX-0000 INFO] ... Hierarchical pre-synthesis "BmbOnChipRam_f7e8d09faee74d1abffbda5156fa885b" begin
[EFX-0000 INFO] ... Hierarchical pre-synthesis "BmbOnChipRam_f7e8d09faee74d1abffbda5156fa885b" end (Real time : 0s CPU user time : 2s CPU sys time : 0s MEM : 1885280KB)
[EFX-0000 INFO] ... Hierarchical pre-synthesis "BmbDecoder_3_f7e8d09faee74d1abffbda5156fa885b" begin
[EFX-0000 INFO] ... Hierarchical pre-synthesis "BmbDecoder_3_f7e8d09faee74d1abffbda5156fa885b" end (Real time : 0s CPU user time : 2s CPU sys time : 0s MEM : 1885280KB)
[EFX-0000 INFO] ... Hierarchical pre-synthesis "BmbClint_f7e8d09faee74d1abffbda5156fa885b" begin
[EFX-0000 INFO] ... Hierarchical pre-synthesis "BmbClint_f7e8d09faee74d1abffbda5156fa885b" end (Real time : 0s CPU user time : 2s CPU sys time : 0s MEM : 1885280KB)
[EFX-0000 INFO] ... Hierarchical pre-synthesis "UartCtrlTx_f7e8d09faee74d1abffbda5156fa885b" begin
[EFX-0000 INFO] ... Hierarchical pre-synthesis "UartCtrlTx_f7e8d09faee74d1abffbda5156fa885b" end (Real time : 0s CPU user time : 2s CPU sys time : 0s MEM : 1885280KB)
[EFX-0000 INFO] ... Hierarchical pre-synthesis "BufferCC_f7e8d09faee74d1abffbda5156fa885b" begin
[EFX-0000 INFO] ... Hierarchical pre-synthesis "BufferCC_f7e8d09faee74d1abffbda5156fa885b" end (Real time : 0s CPU user time : 2s CPU sys time : 0s MEM : 1885280KB)
[EFX-0000 INFO] ... Hierarchical pre-synthesis "UartCtrlRx_f7e8d09faee74d1abffbda5156fa885b" begin
[EFX-0000 INFO] ... Hierarchical pre-synthesis "UartCtrlRx_f7e8d09faee74d1abffbda5156fa885b" end (Real time : 0s CPU user time : 3s CPU sys time : 0s MEM : 1885280KB)
[EFX-0000 INFO] ... Hierarchical pre-synthesis "UartCtrl_f7e8d09faee74d1abffbda5156fa885b" begin
[EFX-0000 INFO] ... Hierarchical pre-synthesis "UartCtrl_f7e8d09faee74d1abffbda5156fa885b" end (Real time : 0s CPU user time : 3s CPU sys time : 0s MEM : 1885280KB)
[EFX-0000 INFO] ... Hierarchical pre-synthesis "StreamFifo_2_f7e8d09faee74d1abffbda5156fa885b" begin
[EFX-0000 INFO] ... Hierarchical pre-synthesis "StreamFifo_2_f7e8d09faee74d1abffbda5156fa885b" end (Real time : 0s CPU user time : 3s CPU sys time : 0s MEM : 1885280KB)
[EFX-0000 INFO] ... Hierarchical pre-synthesis "BmbUartCtrl_f7e8d09faee74d1abffbda5156fa885b" begin
[EFX-0000 INFO] ... Hierarchical pre-synthesis "BmbUartCtrl_f7e8d09faee74d1abffbda5156fa885b" end (Real time : 0s CPU user time : 3s CPU sys time : 0s MEM : 1885280KB)
[EFX-0000 INFO] ... Hierarchical pre-synthesis "TopLevel_f7e8d09faee74d1abffbda5156fa885b" begin
[EFX-0000 INFO] ... Hierarchical pre-synthesis "TopLevel_f7e8d09faee74d1abffbda5156fa885b" end (Real time : 0s CPU user time : 3s CPU sys time : 0s MEM : 1885280KB)
[EFX-0000 INFO] ... Hierarchical pre-synthesis "StreamFifo_4_f7e8d09faee74d1abffbda5156fa885b" begin
[EFX-0000 INFO] ... Hierarchical pre-synthesis "StreamFifo_4_f7e8d09faee74d1abffbda5156fa885b" end (Real time : 0s CPU user time : 3s CPU sys time : 0s MEM : 1885280KB)
[EFX-0000 INFO] ... Hierarchical pre-synthesis "StreamFifo_5_f7e8d09faee74d1abffbda5156fa885b" begin
[EFX-0000 INFO] ... Hierarchical pre-synthesis "StreamFifo_5_f7e8d09faee74d1abffbda5156fa885b" end (Real time : 0s CPU user time : 3s CPU sys time : 0s MEM : 1885280KB)
[EFX-0000 INFO] ... Hierarchical pre-synthesis "BmbSpiXdrMasterCtrl_f7e8d09faee74d1abffbda5156fa885b" begin
[EFX-0000 INFO] ... Hierarchical pre-synthesis "BmbSpiXdrMasterCtrl_f7e8d09faee74d1abffbda5156fa885b" end (Real time : 0s CPU user time : 3s CPU sys time : 0s MEM : 1885280KB)
[EFX-0000 INFO] ... Hierarchical pre-synthesis "Prescaler_f7e8d09faee74d1abffbda5156fa885b" begin
[EFX-0000 INFO] ... Hierarchical pre-synthesis "Prescaler_f7e8d09faee74d1abffbda5156fa885b" end (Real time : 0s CPU user time : 3s CPU sys time : 0s MEM : 1885280KB)
[EFX-0000 INFO] ... Hierarchical pre-synthesis "Timer_f7e8d09faee74d1abffbda5156fa885b" begin
[EFX-0000 INFO] ... Hierarchical pre-synthesis "Timer_f7e8d09faee74d1abffbda5156fa885b" end (Real time : 0s CPU user time : 3s CPU sys time : 0s MEM : 1885280KB)
[EFX-0000 INFO] ... Hierarchical pre-synthesis "EfxTimerCtrl_f7e8d09faee74d1abffbda5156fa885b" begin
[EFX-0000 INFO] ... Hierarchical pre-synthesis "EfxTimerCtrl_f7e8d09faee74d1abffbda5156fa885b" end (Real time : 0s CPU user time : 3s CPU sys time : 0s MEM : 1885280KB)
[EFX-0000 INFO] ... Hierarchical pre-synthesis "BmbGpio2_f7e8d09faee74d1abffbda5156fa885b" begin
[EFX-0000 INFO] ... Hierarchical pre-synthesis "BmbGpio2_f7e8d09faee74d1abffbda5156fa885b" end (Real time : 0s CPU user time : 3s CPU sys time : 0s MEM : 1885280KB)
[EFX-0000 INFO] ... Hierarchical pre-synthesis "BmbToApb3Bridge_f7e8d09faee74d1abffbda5156fa885b" begin
[EFX-0000 INFO] ... Hierarchical pre-synthesis "BmbToApb3Bridge_f7e8d09faee74d1abffbda5156fa885b" end (Real time : 0s CPU user time : 3s CPU sys time : 0s MEM : 1885280KB)
[EFX-0000 INFO] ... Hierarchical pre-synthesis "EfxSapphireSoc_f7e8d09faee74d1abffbda5156fa885b" begin
[EFX-0000 INFO] ... Hierarchical pre-synthesis "EfxSapphireSoc_f7e8d09faee74d1abffbda5156fa885b" end (Real time : 1s CPU user time : 3s CPU sys time : 0s MEM : 1885280KB)
[EFX-0000 INFO] ... Hierarchical pre-synthesis "sapphire_soc_no_cache" begin
[EFX-0000 INFO] ... Hierarchical pre-synthesis "sapphire_soc_no_cache" end (Real time : 0s CPU user time : 4s CPU sys time : 0s MEM : 1885280KB)
[EFX-0000 INFO] ... Hierarchical pre-synthesis "top_soc" begin
[EFX-0655 WARNING] Mapping into logic memory block 'soc_inst/u_EfxSapphireSoc/system_axiA_logic_bmbToAxiBridge/readCmdInfo_fifo/logic_ram'. (/media/manoj/5121/prj/efinity_1_copy/efinity_1/ip/sapphire_soc_no_cache/Ti60F225_devkit/sapphire_soc_no_cache.v:13453)
[EFX-0655 WARNING] Mapping into logic memory block 'soc_inst/u_EfxSapphireSoc/system_axiA_logic_bmbToAxiBridge/writeCmdInfo_fifo/logic_ram'. (/media/manoj/5121/prj/efinity_1_copy/efinity_1/ip/sapphire_soc_no_cache/Ti60F225_devkit/sapphire_soc_no_cache.v:13453)
[EFX-0000 INFO] ... Clock Enable Synthesis Performed on 393 flops.
[EFX-0000 INFO] ... Hierarchical pre-synthesis "top_soc" end (Real time : 5s CPU user time : 8s CPU sys time : 0s MEM : 1885280KB)
[EFX-0000 INFO] ... Flat optimizations begin
[EFX-0000 INFO] ... Flat optimizations end (Real time : 0s CPU user time : 8s CPU sys time : 0s MEM : 1885280KB)
[EFX-0000 INFO] ... Flat synthesis begin
[EFX-0000 INFO] ... Flat synthesis end (Real time : 0s CPU user time : 8s CPU sys time : 0s MEM : 1885280KB)
[EFX-0000 INFO] ... Flat optimizations begin
[EFX-0000 INFO] ... Flat optimizations end (Real time : 0s CPU user time : 8s CPU sys time : 0s MEM : 1885280KB)
[EFX-0000 INFO] ... Check and break combinational loops begin
[EFX-0000 INFO] ... Check and break combinational loops end (Real time : 0s CPU user time : 8s CPU sys time : 0s MEM : 1885280KB)
[EFX-0000 INFO] ... SOP modeling begin
[EFX-0000 INFO] ... SOP modeling end (Real time : 0s CPU user time : 9s CPU sys time : 0s MEM : 1885280KB)
[EFX-0000 INFO] ... LUT mapping begin
[EFX-0000 INFO] ... LS, strategy: 3, nd: 4526, ed: 15000, lv: 7, pw: 15224.31
[EFX-0000 INFO] ... LUT mapping end (Real time : 15s CPU user time : 22s CPU sys time : 1s MEM : 1885280KB)
[EFX-0000 INFO] ... Post-synthesis Verific netlist creation begin
[EFX-0000 INFO] ... Post-synthesis Verific netlist creation end (Real time : 0s CPU user time : 22s CPU sys time : 1s MEM : 1885280KB)
[EFX-0000 INFO] ... Post-synthesis Verific netlist unification/params processing begin
[EFX-0000 INFO] ... Post-synthesis Verific netlist unification/params processing end (Real time : 0s CPU user time : 23s CPU sys time : 1s MEM : 1885280KB)
[EFX-0000 INFO] Resource Summary 
[EFX-0000 INFO] =============================== 
[EFX-0000 INFO] EFX_ADD         : 	676
[EFX-0000 INFO] EFX_LUT4        : 	3962
[EFX-0000 INFO] EFX_DSP48       : 	4
[EFX-0000 INFO] EFX_FF          : 	3209
[EFX-0000 INFO] EFX_SRL8        : 	3
[EFX-0000 INFO] EFX_RAM10       : 	204
[EFX-0000 INFO] =============================== 
